2024-11-06 22:10:33.615 +01:00 [INF] User profile is available. Using '/Users/andreashattmann/.aspnet/DataProtection-Keys' as key repository; keys will not be encrypted at rest.
2024-11-06 22:10:33.639 +01:00 [INF] Now listening on: http://localhost:5271
2024-11-06 22:10:33.641 +01:00 [INF] Application started. Press Ctrl+C to shut down.
2024-11-06 22:10:33.641 +01:00 [INF] Hosting environment: Development
2024-11-06 22:10:33.641 +01:00 [INF] Content root path: /Users/andreashattmann/Desktop/ITPE3200 Webapplikasjoner/FoodReggie-1
2024-11-06 22:10:36.001 +01:00 [INF] Request starting HTTP/1.1 GET http://localhost:5271/ - null null
2024-11-06 22:10:36.018 +01:00 [WRN] Failed to determine the https port for redirect.
2024-11-06 22:10:36.089 +01:00 [INF] Executing endpoint 'FoodReggie_1.Controllers.HomeController.Index (FoodReggie-1)'
2024-11-06 22:10:36.107 +01:00 [INF] Route matched with {action = "Index", controller = "Home"}. Executing controller action with signature Microsoft.AspNetCore.Mvc.IActionResult Index() on controller FoodReggie_1.Controllers.HomeController (FoodReggie-1).
2024-11-06 22:10:36.128 +01:00 [INF] Executing ViewResult, running view Index.
2024-11-06 22:10:36.265 +01:00 [INF] Executed ViewResult - view Index executed in 146.6206ms.
2024-11-06 22:10:36.267 +01:00 [INF] Executed action FoodReggie_1.Controllers.HomeController.Index (FoodReggie-1) in 158.9236ms
2024-11-06 22:10:36.267 +01:00 [INF] Executed endpoint 'FoodReggie_1.Controllers.HomeController.Index (FoodReggie-1)'
2024-11-06 22:10:36.271 +01:00 [INF] Request finished HTTP/1.1 GET http://localhost:5271/ - 200 null text/html; charset=utf-8 271.4195ms
2024-11-06 22:10:36.286 +01:00 [INF] Request starting HTTP/1.1 GET http://localhost:5271/js.jquery.min.js - null null
2024-11-06 22:10:36.286 +01:00 [INF] Request starting HTTP/1.1 GET http://localhost:5271/FoodReggie_1.styles.css - null null
2024-11-06 22:10:36.291 +01:00 [INF] Request finished HTTP/1.1 GET http://localhost:5271/js.jquery.min.js - 404 0 null 5.0053ms
2024-11-06 22:10:36.291 +01:00 [INF] Request finished HTTP/1.1 GET http://localhost:5271/FoodReggie_1.styles.css - 404 0 null 4.96ms
2024-11-06 22:10:36.292 +01:00 [INF] Request reached the end of the middleware pipeline without being handled by application code. Request path: GET http://localhost:5271/js.jquery.min.js, Response status code: 404
2024-11-06 22:10:36.292 +01:00 [INF] Request reached the end of the middleware pipeline without being handled by application code. Request path: GET http://localhost:5271/FoodReggie_1.styles.css, Response status code: 404
2024-11-06 22:10:40.938 +01:00 [INF] Request starting HTTP/1.1 GET http://localhost:5271/Food/Table - null null
2024-11-06 22:10:40.941 +01:00 [INF] Executing endpoint 'FoodReggie_1.Controllers.FoodController.Table (FoodReggie-1)'
2024-11-06 22:10:40.946 +01:00 [INF] Route matched with {action = "Table", controller = "Food"}. Executing controller action with signature System.Threading.Tasks.Task`1[Microsoft.AspNetCore.Mvc.IActionResult] Table() on controller FoodReggie_1.Controllers.FoodController (FoodReggie-1).
2024-11-06 22:10:41.021 +01:00 [INF] Executing ViewResult, running view Table.
2024-11-06 22:10:41.044 +01:00 [INF] Executed ViewResult - view Table executed in 23.4174ms.
2024-11-06 22:10:41.044 +01:00 [INF] Executed action FoodReggie_1.Controllers.FoodController.Table (FoodReggie-1) in 97.6937ms
2024-11-06 22:10:41.044 +01:00 [INF] Executed endpoint 'FoodReggie_1.Controllers.FoodController.Table (FoodReggie-1)'
2024-11-06 22:10:41.046 +01:00 [INF] Request finished HTTP/1.1 GET http://localhost:5271/Food/Table - 200 null text/html; charset=utf-8 108.2295ms
2024-11-06 22:10:41.067 +01:00 [INF] Request starting HTTP/1.1 GET http://localhost:5271/js.jquery.min.js - null null
2024-11-06 22:10:41.068 +01:00 [INF] Request finished HTTP/1.1 GET http://localhost:5271/js.jquery.min.js - 404 0 null 0.5087ms
2024-11-06 22:10:41.068 +01:00 [INF] Request reached the end of the middleware pipeline without being handled by application code. Request path: GET http://localhost:5271/js.jquery.min.js, Response status code: 404
2024-11-06 22:10:41.085 +01:00 [INF] Request starting HTTP/1.1 GET http://localhost:5271/FoodReggie_1.styles.css - null null
2024-11-06 22:10:41.086 +01:00 [INF] Request finished HTTP/1.1 GET http://localhost:5271/FoodReggie_1.styles.css - 404 0 null 1.0129ms
2024-11-06 22:10:41.086 +01:00 [INF] Request reached the end of the middleware pipeline without being handled by application code. Request path: GET http://localhost:5271/FoodReggie_1.styles.css, Response status code: 404
2024-11-06 22:10:41.688 +01:00 [INF] Request starting HTTP/1.1 GET http://localhost:5271/Food/Create - null null
2024-11-06 22:10:41.690 +01:00 [INF] Executing endpoint 'FoodReggie_1.Controllers.FoodController.Create (FoodReggie-1)'
2024-11-06 22:10:41.691 +01:00 [INF] Route matched with {action = "Create", controller = "Food"}. Executing controller action with signature Microsoft.AspNetCore.Mvc.IActionResult Create() on controller FoodReggie_1.Controllers.FoodController (FoodReggie-1).
2024-11-06 22:10:41.693 +01:00 [INF] Executing ViewResult, running view Create.
2024-11-06 22:10:41.722 +01:00 [INF] Executed ViewResult - view Create executed in 29.6177ms.
2024-11-06 22:10:41.722 +01:00 [INF] Executed action FoodReggie_1.Controllers.FoodController.Create (FoodReggie-1) in 30.4917ms
2024-11-06 22:10:41.722 +01:00 [INF] Executed endpoint 'FoodReggie_1.Controllers.FoodController.Create (FoodReggie-1)'
2024-11-06 22:10:41.722 +01:00 [INF] Request finished HTTP/1.1 GET http://localhost:5271/Food/Create - 200 null text/html; charset=utf-8 33.8807ms
2024-11-06 22:10:41.747 +01:00 [INF] Request starting HTTP/1.1 GET http://localhost:5271/js.jquery.min.js - null null
2024-11-06 22:10:41.748 +01:00 [INF] Request finished HTTP/1.1 GET http://localhost:5271/js.jquery.min.js - 404 0 null 0.2736ms
2024-11-06 22:10:41.748 +01:00 [INF] Request reached the end of the middleware pipeline without being handled by application code. Request path: GET http://localhost:5271/js.jquery.min.js, Response status code: 404
2024-11-06 22:10:41.757 +01:00 [INF] Request starting HTTP/1.1 GET http://localhost:5271/FoodReggie_1.styles.css - null null
2024-11-06 22:10:41.757 +01:00 [INF] Request finished HTTP/1.1 GET http://localhost:5271/FoodReggie_1.styles.css - 404 0 null 0.336ms
2024-11-06 22:10:41.757 +01:00 [INF] Request reached the end of the middleware pipeline without being handled by application code. Request path: GET http://localhost:5271/FoodReggie_1.styles.css, Response status code: 404
2024-11-06 22:10:49.228 +01:00 [INF] Request starting HTTP/1.1 POST http://localhost:5271/Food/Create - application/x-www-form-urlencoded 282
2024-11-06 22:10:49.228 +01:00 [INF] Executing endpoint 'FoodReggie_1.Controllers.FoodController.Create (FoodReggie-1)'
2024-11-06 22:10:49.241 +01:00 [INF] Route matched with {action = "Create", controller = "Food"}. Executing controller action with signature System.Threading.Tasks.Task`1[Microsoft.AspNetCore.Mvc.IActionResult] Create(FoodReggie_1.Models.Food) on controller FoodReggie_1.Controllers.FoodController (FoodReggie-1).
2024-11-06 22:10:49.261 +01:00 [ERR] [FoodController] Error when creating a Food Item: {"FoodId":0,"Name":"Ost","FoodGroup":null,"Calories":0,"Protein":0,"Carbohydrates":0,"Fats":0,"ImageURL":null,"RegistratedFoods":null,"$type":"Food"}
2024-11-06 22:10:49.262 +01:00 [INF] Executing ViewResult, running view Create.
2024-11-06 22:10:49.264 +01:00 [INF] Executed ViewResult - view Create executed in 2.0424ms.
2024-11-06 22:10:49.264 +01:00 [INF] Executed action FoodReggie_1.Controllers.FoodController.Create (FoodReggie-1) in 22.363ms
2024-11-06 22:10:49.264 +01:00 [INF] Executed endpoint 'FoodReggie_1.Controllers.FoodController.Create (FoodReggie-1)'
2024-11-06 22:10:49.264 +01:00 [INF] Request finished HTTP/1.1 POST http://localhost:5271/Food/Create - 200 null text/html; charset=utf-8 36.6672ms
2024-11-06 22:10:49.282 +01:00 [INF] Request starting HTTP/1.1 GET http://localhost:5271/FoodReggie_1.styles.css - null null
2024-11-06 22:10:49.282 +01:00 [INF] Request starting HTTP/1.1 GET http://localhost:5271/js.jquery.min.js - null null
2024-11-06 22:10:49.282 +01:00 [INF] Request finished HTTP/1.1 GET http://localhost:5271/FoodReggie_1.styles.css - 404 0 null 0.5387ms
2024-11-06 22:10:49.282 +01:00 [INF] Request finished HTTP/1.1 GET http://localhost:5271/js.jquery.min.js - 404 0 null 0.5425ms
2024-11-06 22:10:49.283 +01:00 [INF] Request reached the end of the middleware pipeline without being handled by application code. Request path: GET http://localhost:5271/FoodReggie_1.styles.css, Response status code: 404
2024-11-06 22:10:49.283 +01:00 [INF] Request reached the end of the middleware pipeline without being handled by application code. Request path: GET http://localhost:5271/js.jquery.min.js, Response status code: 404
2024-11-06 22:11:13.237 +01:00 [INF] Application is shutting down...
