2024-11-26 21:11:01.841 +01:00 [INF] User profile is available. Using '/Users/andreashattmann/.aspnet/DataProtection-Keys' as key repository; keys will not be encrypted at rest.
2024-11-26 21:11:01.895 +01:00 [INF] Now listening on: http://localhost:5271
2024-11-26 21:11:01.897 +01:00 [INF] Application started. Press Ctrl+C to shut down.
2024-11-26 21:11:01.897 +01:00 [INF] Hosting environment: Development
2024-11-26 21:11:01.897 +01:00 [INF] Content root path: /Users/andreashattmann/Desktop/ITPE3200 Webapplikasjoner/FoodReggie-1
2024-11-26 21:11:03.540 +01:00 [INF] Request starting HTTP/1.1 GET http://localhost:5271/ - null null
2024-11-26 21:11:03.545 +01:00 [WRN] Failed to determine the https port for redirect.
2024-11-26 21:11:03.649 +01:00 [INF] Executing endpoint 'FoodReggie_1.Controllers.HomeController.Index (FoodReggie-1)'
2024-11-26 21:11:03.657 +01:00 [INF] Route matched with {action = "Index", controller = "Home", page = "", area = ""}. Executing controller action with signature Microsoft.AspNetCore.Mvc.IActionResult Index() on controller FoodReggie_1.Controllers.HomeController (FoodReggie-1).
2024-11-26 21:11:03.661 +01:00 [INF] Executing ViewResult, running view Index.
2024-11-26 21:11:03.785 +01:00 [INF] Executed ViewResult - view Index executed in 124.6816ms.
2024-11-26 21:11:03.788 +01:00 [INF] Executed action FoodReggie_1.Controllers.HomeController.Index (FoodReggie-1) in 130.2687ms
2024-11-26 21:11:03.788 +01:00 [INF] Executed endpoint 'FoodReggie_1.Controllers.HomeController.Index (FoodReggie-1)'
2024-11-26 21:11:03.794 +01:00 [INF] Request finished HTTP/1.1 GET http://localhost:5271/ - 200 null text/html; charset=utf-8 256.1012ms
2024-11-26 21:11:03.804 +01:00 [INF] Request starting HTTP/1.1 GET http://localhost:5271/js.jquery.min.js - null null
2024-11-26 21:11:03.804 +01:00 [INF] Request starting HTTP/1.1 GET http://localhost:5271/FoodReggie_1.styles.css - null null
2024-11-26 21:11:03.811 +01:00 [INF] Request finished HTTP/1.1 GET http://localhost:5271/js.jquery.min.js - 404 0 null 7.0266ms
2024-11-26 21:11:03.811 +01:00 [INF] Request finished HTTP/1.1 GET http://localhost:5271/FoodReggie_1.styles.css - 404 0 null 7.0146ms
2024-11-26 21:11:03.812 +01:00 [INF] Request reached the end of the middleware pipeline without being handled by application code. Request path: GET http://localhost:5271/FoodReggie_1.styles.css, Response status code: 404
2024-11-26 21:11:03.812 +01:00 [INF] Request reached the end of the middleware pipeline without being handled by application code. Request path: GET http://localhost:5271/js.jquery.min.js, Response status code: 404
2024-11-26 21:11:05.563 +01:00 [INF] Request starting HTTP/1.1 POST http://localhost:5271/Identity/Account/Logout?returnUrl=%2F - application/x-www-form-urlencoded 225
2024-11-26 21:11:05.582 +01:00 [INF] Executing endpoint '/Account/Logout'
2024-11-26 21:11:05.589 +01:00 [INF] Route matched with {page = "/Account/Logout", area = "Identity", action = "", controller = ""}. Executing page /Account/Logout
2024-11-26 21:11:05.598 +01:00 [INF] Executing handler method FoodReggie_1.Areas.Identity.Pages.Account.LogoutModel.OnPost - ModelState is "Valid"
2024-11-26 21:11:05.601 +01:00 [INF] AuthenticationScheme: Identity.Application signed out.
2024-11-26 21:11:05.601 +01:00 [INF] AuthenticationScheme: Identity.External signed out.
2024-11-26 21:11:05.601 +01:00 [INF] AuthenticationScheme: Identity.TwoFactorUserId signed out.
2024-11-26 21:11:05.602 +01:00 [INF] User logged out.
2024-11-26 21:11:05.602 +01:00 [INF] Executed handler method OnPost, returned result Microsoft.AspNetCore.Mvc.LocalRedirectResult.
2024-11-26 21:11:05.602 +01:00 [INF] Executing LocalRedirectResult, redirecting to /.
2024-11-26 21:11:05.602 +01:00 [INF] Executed page /Account/Logout in 13.1021ms
2024-11-26 21:11:05.602 +01:00 [INF] Executed endpoint '/Account/Logout'
2024-11-26 21:11:05.602 +01:00 [INF] Request finished HTTP/1.1 POST http://localhost:5271/Identity/Account/Logout?returnUrl=%2F - 302 0 null 39.2787ms
2024-11-26 21:11:05.604 +01:00 [INF] Request starting HTTP/1.1 GET http://localhost:5271/ - null null
2024-11-26 21:11:05.605 +01:00 [INF] Executing endpoint 'FoodReggie_1.Controllers.HomeController.Index (FoodReggie-1)'
2024-11-26 21:11:05.605 +01:00 [INF] Route matched with {action = "Index", controller = "Home", page = "", area = ""}. Executing controller action with signature Microsoft.AspNetCore.Mvc.IActionResult Index() on controller FoodReggie_1.Controllers.HomeController (FoodReggie-1).
2024-11-26 21:11:05.605 +01:00 [INF] Executing ViewResult, running view Index.
2024-11-26 21:11:05.608 +01:00 [INF] Executed ViewResult - view Index executed in 2.8085ms.
2024-11-26 21:11:05.608 +01:00 [INF] Executed action FoodReggie_1.Controllers.HomeController.Index (FoodReggie-1) in 3.0523ms
2024-11-26 21:11:05.608 +01:00 [INF] Executed endpoint 'FoodReggie_1.Controllers.HomeController.Index (FoodReggie-1)'
2024-11-26 21:11:05.608 +01:00 [INF] Request finished HTTP/1.1 GET http://localhost:5271/ - 200 null text/html; charset=utf-8 3.7276ms
2024-11-26 21:11:05.670 +01:00 [INF] Request starting HTTP/1.1 GET http://localhost:5271/FoodReggie_1.styles.css - null null
2024-11-26 21:11:05.670 +01:00 [INF] Request starting HTTP/1.1 GET http://localhost:5271/js.jquery.min.js - null null
2024-11-26 21:11:05.671 +01:00 [INF] Request finished HTTP/1.1 GET http://localhost:5271/FoodReggie_1.styles.css - 404 0 null 1.0637ms
2024-11-26 21:11:05.671 +01:00 [INF] Request finished HTTP/1.1 GET http://localhost:5271/js.jquery.min.js - 404 0 null 1.0643ms
2024-11-26 21:11:05.671 +01:00 [INF] Request reached the end of the middleware pipeline without being handled by application code. Request path: GET http://localhost:5271/FoodReggie_1.styles.css, Response status code: 404
2024-11-26 21:11:05.671 +01:00 [INF] Request reached the end of the middleware pipeline without being handled by application code. Request path: GET http://localhost:5271/js.jquery.min.js, Response status code: 404
2024-11-26 21:11:06.200 +01:00 [INF] Request starting HTTP/1.1 GET http://localhost:5271/Identity/Account/Register - null null
2024-11-26 21:11:06.204 +01:00 [INF] Executing endpoint '/Account/Register'
2024-11-26 21:11:06.211 +01:00 [INF] Route matched with {page = "/Account/Register", area = "Identity", action = "", controller = ""}. Executing page /Account/Register
2024-11-26 21:11:06.213 +01:00 [INF] Executing handler method FoodReggie_1.Areas.Identity.Pages.Account.RegisterModel.OnGetAsync - ModelState is "Valid"
2024-11-26 21:11:06.214 +01:00 [INF] Executed handler method OnGetAsync, returned result .
2024-11-26 21:11:06.215 +01:00 [INF] Executing an implicit handler method - ModelState is "Valid"
2024-11-26 21:11:06.215 +01:00 [INF] Executed an implicit handler method, returned result Microsoft.AspNetCore.Mvc.RazorPages.PageResult.
2024-11-26 21:11:06.233 +01:00 [INF] Executed page /Account/Register in 22.1816ms
2024-11-26 21:11:06.233 +01:00 [INF] Executed endpoint '/Account/Register'
2024-11-26 21:11:06.233 +01:00 [INF] Request finished HTTP/1.1 GET http://localhost:5271/Identity/Account/Register - 200 null text/html; charset=utf-8 33.837ms
2024-11-26 21:11:06.272 +01:00 [INF] Request starting HTTP/1.1 GET http://localhost:5271/js.jquery.min.js - null null
2024-11-26 21:11:06.272 +01:00 [INF] Request finished HTTP/1.1 GET http://localhost:5271/js.jquery.min.js - 404 0 null 0.4235ms
2024-11-26 21:11:06.272 +01:00 [INF] Request reached the end of the middleware pipeline without being handled by application code. Request path: GET http://localhost:5271/js.jquery.min.js, Response status code: 404
2024-11-26 21:11:06.287 +01:00 [INF] Request starting HTTP/1.1 GET http://localhost:5271/FoodReggie_1.styles.css - null null
2024-11-26 21:11:06.288 +01:00 [INF] Request finished HTTP/1.1 GET http://localhost:5271/FoodReggie_1.styles.css - 404 0 null 0.9754ms
2024-11-26 21:11:06.288 +01:00 [INF] Request reached the end of the middleware pipeline without being handled by application code. Request path: GET http://localhost:5271/FoodReggie_1.styles.css, Response status code: 404
2024-11-26 21:11:15.720 +01:00 [INF] Request starting HTTP/1.1 POST http://localhost:5271/Identity/Account/Register - application/x-www-form-urlencoded 276
2024-11-26 21:11:15.721 +01:00 [INF] Executing endpoint '/Account/Register'
2024-11-26 21:11:15.721 +01:00 [INF] Route matched with {page = "/Account/Register", area = "Identity", action = "", controller = ""}. Executing page /Account/Register
2024-11-26 21:11:15.732 +01:00 [INF] Executing handler method FoodReggie_1.Areas.Identity.Pages.Account.RegisterModel.OnPostAsync - ModelState is "Valid"
2024-11-26 21:11:15.891 +01:00 [INF] User created a new account with password.
2024-11-26 21:11:15.914 +01:00 [INF] AuthenticationScheme: Identity.Application signed in.
2024-11-26 21:11:15.914 +01:00 [INF] Executed handler method OnPostAsync, returned result Microsoft.AspNetCore.Mvc.LocalRedirectResult.
2024-11-26 21:11:15.914 +01:00 [INF] Executing LocalRedirectResult, redirecting to /.
2024-11-26 21:11:15.914 +01:00 [INF] Executed page /Account/Register in 193.0117ms
2024-11-26 21:11:15.914 +01:00 [INF] Executed endpoint '/Account/Register'
2024-11-26 21:11:15.916 +01:00 [INF] Request finished HTTP/1.1 POST http://localhost:5271/Identity/Account/Register - 302 0 null 196.2792ms
2024-11-26 21:11:15.916 +01:00 [INF] Request starting HTTP/1.1 GET http://localhost:5271/ - null null
2024-11-26 21:11:15.916 +01:00 [INF] Executing endpoint 'FoodReggie_1.Controllers.HomeController.Index (FoodReggie-1)'
2024-11-26 21:11:15.916 +01:00 [INF] Route matched with {action = "Index", controller = "Home", page = "", area = ""}. Executing controller action with signature Microsoft.AspNetCore.Mvc.IActionResult Index() on controller FoodReggie_1.Controllers.HomeController (FoodReggie-1).
2024-11-26 21:11:15.916 +01:00 [INF] Executing ViewResult, running view Index.
2024-11-26 21:11:15.917 +01:00 [INF] Executed ViewResult - view Index executed in 0.5334ms.
2024-11-26 21:11:15.917 +01:00 [INF] Executed action FoodReggie_1.Controllers.HomeController.Index (FoodReggie-1) in 0.5892ms
2024-11-26 21:11:15.917 +01:00 [INF] Executed endpoint 'FoodReggie_1.Controllers.HomeController.Index (FoodReggie-1)'
2024-11-26 21:11:15.917 +01:00 [INF] Request finished HTTP/1.1 GET http://localhost:5271/ - 200 null text/html; charset=utf-8 1.036ms
2024-11-26 21:11:15.954 +01:00 [INF] Request starting HTTP/1.1 GET http://localhost:5271/js.jquery.min.js - null null
2024-11-26 21:11:15.954 +01:00 [INF] Request finished HTTP/1.1 GET http://localhost:5271/js.jquery.min.js - 404 0 null 0.613ms
2024-11-26 21:11:15.954 +01:00 [INF] Request reached the end of the middleware pipeline without being handled by application code. Request path: GET http://localhost:5271/js.jquery.min.js, Response status code: 404
2024-11-26 21:11:15.966 +01:00 [INF] Request starting HTTP/1.1 GET http://localhost:5271/FoodReggie_1.styles.css - null null
2024-11-26 21:11:15.966 +01:00 [INF] Request finished HTTP/1.1 GET http://localhost:5271/FoodReggie_1.styles.css - 404 0 null 0.6067ms
2024-11-26 21:11:15.966 +01:00 [INF] Request reached the end of the middleware pipeline without being handled by application code. Request path: GET http://localhost:5271/FoodReggie_1.styles.css, Response status code: 404
2024-11-26 21:12:07.234 +01:00 [INF] Application is shutting down...
