2024-11-26 20:29:07.766 +01:00 [INF] User profile is available. Using '/Users/andreashattmann/.aspnet/DataProtection-Keys' as key repository; keys will not be encrypted at rest.
2024-11-26 20:29:07.819 +01:00 [INF] Now listening on: http://localhost:5271
2024-11-26 20:29:07.822 +01:00 [INF] Application started. Press Ctrl+C to shut down.
2024-11-26 20:29:07.822 +01:00 [INF] Hosting environment: Development
2024-11-26 20:29:07.822 +01:00 [INF] Content root path: /Users/andreashattmann/Desktop/ITPE3200 Webapplikasjoner/FoodReggie-1
2024-11-26 20:29:14.187 +01:00 [INF] Request starting HTTP/1.1 GET http://localhost:5271/ - null null
2024-11-26 20:29:14.192 +01:00 [WRN] Failed to determine the https port for redirect.
2024-11-26 20:29:14.233 +01:00 [INF] Executing endpoint 'FoodReggie_1.Controllers.HomeController.Index (FoodReggie-1)'
2024-11-26 20:29:14.240 +01:00 [INF] Route matched with {action = "Index", controller = "Home", page = "", area = ""}. Executing controller action with signature Microsoft.AspNetCore.Mvc.IActionResult Index() on controller FoodReggie_1.Controllers.HomeController (FoodReggie-1).
2024-11-26 20:29:14.244 +01:00 [INF] Executing ViewResult, running view Index.
2024-11-26 20:29:14.383 +01:00 [INF] Executed ViewResult - view Index executed in 139.4353ms.
2024-11-26 20:29:14.384 +01:00 [INF] Executed action FoodReggie_1.Controllers.HomeController.Index (FoodReggie-1) in 144.0657ms
2024-11-26 20:29:14.384 +01:00 [INF] Executed endpoint 'FoodReggie_1.Controllers.HomeController.Index (FoodReggie-1)'
2024-11-26 20:29:14.388 +01:00 [INF] Request finished HTTP/1.1 GET http://localhost:5271/ - 200 null text/html; charset=utf-8 203.3238ms
2024-11-26 20:29:14.434 +01:00 [INF] Request starting HTTP/1.1 GET http://localhost:5271/js.jquery.min.js - null null
2024-11-26 20:29:14.440 +01:00 [INF] Request finished HTTP/1.1 GET http://localhost:5271/js.jquery.min.js - 404 0 null 5.9522ms
2024-11-26 20:29:14.441 +01:00 [INF] Request reached the end of the middleware pipeline without being handled by application code. Request path: GET http://localhost:5271/js.jquery.min.js, Response status code: 404
2024-11-26 20:29:14.449 +01:00 [INF] Request starting HTTP/1.1 GET http://localhost:5271/FoodReggie_1.styles.css - null null
2024-11-26 20:29:14.463 +01:00 [INF] Request finished HTTP/1.1 GET http://localhost:5271/FoodReggie_1.styles.css - 404 0 null 13.6243ms
2024-11-26 20:29:14.463 +01:00 [INF] Request reached the end of the middleware pipeline without being handled by application code. Request path: GET http://localhost:5271/FoodReggie_1.styles.css, Response status code: 404
2024-11-26 20:29:23.343 +01:00 [INF] Request starting HTTP/1.1 GET http://localhost:5271/User/Table - null null
2024-11-26 20:29:23.346 +01:00 [INF] Request finished HTTP/1.1 GET http://localhost:5271/User/Table - 404 0 null 3.2838ms
2024-11-26 20:29:23.346 +01:00 [INF] Request reached the end of the middleware pipeline without being handled by application code. Request path: GET http://localhost:5271/User/Table, Response status code: 404
2024-11-26 20:29:41.473 +01:00 [INF] Application is shutting down...
