2024-11-07 15:54:22.288 +01:00 [INF] User profile is available. Using '/Users/andreashattmann/.aspnet/DataProtection-Keys' as key repository; keys will not be encrypted at rest.
2024-11-07 15:54:22.310 +01:00 [INF] Now listening on: http://localhost:5271
2024-11-07 15:54:22.311 +01:00 [INF] Application started. Press Ctrl+C to shut down.
2024-11-07 15:54:22.312 +01:00 [INF] Hosting environment: Development
2024-11-07 15:54:22.312 +01:00 [INF] Content root path: /Users/andreashattmann/Desktop/ITPE3200 Webapplikasjoner/FoodReggie-1
2024-11-07 15:54:23.793 +01:00 [INF] Request starting HTTP/1.1 GET http://localhost:5271/ - null null
2024-11-07 15:54:23.798 +01:00 [WRN] Failed to determine the https port for redirect.
2024-11-07 15:54:23.808 +01:00 [INF] Executing endpoint 'FoodReggie_1.Controllers.HomeController.Index (FoodReggie-1)'
2024-11-07 15:54:23.813 +01:00 [INF] Route matched with {action = "Index", controller = "Home"}. Executing controller action with signature Microsoft.AspNetCore.Mvc.IActionResult Index() on controller FoodReggie_1.Controllers.HomeController (FoodReggie-1).
2024-11-07 15:54:23.818 +01:00 [INF] Executing ViewResult, running view Index.
2024-11-07 15:54:23.894 +01:00 [INF] Executed ViewResult - view Index executed in 75.8573ms.
2024-11-07 15:54:23.895 +01:00 [INF] Executed action FoodReggie_1.Controllers.HomeController.Index (FoodReggie-1) in 81.2135ms
2024-11-07 15:54:23.895 +01:00 [INF] Executed endpoint 'FoodReggie_1.Controllers.HomeController.Index (FoodReggie-1)'
2024-11-07 15:54:23.898 +01:00 [INF] Request finished HTTP/1.1 GET http://localhost:5271/ - 200 null text/html; charset=utf-8 105.4588ms
2024-11-07 15:54:23.910 +01:00 [INF] Request starting HTTP/1.1 GET http://localhost:5271/FoodReggie_1.styles.css - null null
2024-11-07 15:54:23.910 +01:00 [INF] Request starting HTTP/1.1 GET http://localhost:5271/lib/bootstrap/dist/js/bootstrap.bundle.min.js - null null
2024-11-07 15:54:23.910 +01:00 [INF] Request starting HTTP/1.1 GET http://localhost:5271/lib/bootstrap/dist/css/bootstrap.min.css - null null
2024-11-07 15:54:23.910 +01:00 [INF] Request starting HTTP/1.1 GET http://localhost:5271/lib/jquery/dist/jquery.min.js - null null
2024-11-07 15:54:23.910 +01:00 [INF] Request starting HTTP/1.1 GET http://localhost:5271/css/styles.css?v=uwcx2aV5S5xsP-fFrZ3GTtGewWcEGoToVy2lG2kM1T0 - null null
2024-11-07 15:54:23.910 +01:00 [INF] Request starting HTTP/1.1 GET http://localhost:5271/js.jquery.min.js - null null
2024-11-07 15:54:23.912 +01:00 [INF] Request finished HTTP/1.1 GET http://localhost:5271/FoodReggie_1.styles.css - 404 0 null 1.6451ms
2024-11-07 15:54:23.912 +01:00 [INF] Request finished HTTP/1.1 GET http://localhost:5271/js.jquery.min.js - 404 0 null 1.627ms
2024-11-07 15:54:23.912 +01:00 [INF] The file /css/styles.css was not modified
2024-11-07 15:54:23.913 +01:00 [INF] Request reached the end of the middleware pipeline without being handled by application code. Request path: GET http://localhost:5271/FoodReggie_1.styles.css, Response status code: 404
2024-11-07 15:54:23.913 +01:00 [INF] Request reached the end of the middleware pipeline without being handled by application code. Request path: GET http://localhost:5271/js.jquery.min.js, Response status code: 404
2024-11-07 15:54:23.913 +01:00 [INF] Request finished HTTP/1.1 GET http://localhost:5271/css/styles.css?v=uwcx2aV5S5xsP-fFrZ3GTtGewWcEGoToVy2lG2kM1T0 - 304 null text/css 2.3615ms
2024-11-07 15:54:23.921 +01:00 [INF] Sending file. Request path: '/lib/jquery/dist/jquery.min.js'. Physical path: '/Users/andreashattmann/Desktop/ITPE3200 Webapplikasjoner/FoodReggie-1/wwwroot/lib/jquery/dist/jquery.min.js'
2024-11-07 15:54:23.921 +01:00 [INF] Sending file. Request path: '/lib/bootstrap/dist/css/bootstrap.min.css'. Physical path: '/Users/andreashattmann/Desktop/ITPE3200 Webapplikasjoner/FoodReggie-1/wwwroot/lib/bootstrap/dist/css/bootstrap.min.css'
2024-11-07 15:54:23.921 +01:00 [INF] Sending file. Request path: '/lib/bootstrap/dist/js/bootstrap.bundle.min.js'. Physical path: '/Users/andreashattmann/Desktop/ITPE3200 Webapplikasjoner/FoodReggie-1/wwwroot/lib/bootstrap/dist/js/bootstrap.bundle.min.js'
2024-11-07 15:54:23.922 +01:00 [INF] Request finished HTTP/1.1 GET http://localhost:5271/lib/bootstrap/dist/js/bootstrap.bundle.min.js - 200 78468 text/javascript 11.2854ms
2024-11-07 15:54:23.922 +01:00 [INF] Request finished HTTP/1.1 GET http://localhost:5271/lib/bootstrap/dist/css/bootstrap.min.css - 200 162720 text/css 11.4135ms
2024-11-07 15:54:23.922 +01:00 [INF] Request finished HTTP/1.1 GET http://localhost:5271/lib/jquery/dist/jquery.min.js - 200 89501 text/javascript 11.2982ms
2024-11-07 15:54:28.004 +01:00 [INF] Request starting HTTP/1.1 GET http://localhost:5271/Food/Table - null null
2024-11-07 15:54:28.005 +01:00 [INF] Executing endpoint 'FoodReggie_1.Controllers.FoodController.Table (FoodReggie-1)'
2024-11-07 15:54:28.010 +01:00 [INF] Route matched with {action = "Table", controller = "Food"}. Executing controller action with signature System.Threading.Tasks.Task`1[Microsoft.AspNetCore.Mvc.IActionResult] Table() on controller FoodReggie_1.Controllers.FoodController (FoodReggie-1).
2024-11-07 15:54:28.078 +01:00 [INF] Executing ViewResult, running view Table.
2024-11-07 15:54:28.101 +01:00 [INF] Executed ViewResult - view Table executed in 23.0766ms.
2024-11-07 15:54:28.101 +01:00 [INF] Executed action FoodReggie_1.Controllers.FoodController.Table (FoodReggie-1) in 90.7105ms
2024-11-07 15:54:28.101 +01:00 [INF] Executed endpoint 'FoodReggie_1.Controllers.FoodController.Table (FoodReggie-1)'
2024-11-07 15:54:28.104 +01:00 [INF] Request finished HTTP/1.1 GET http://localhost:5271/Food/Table - 200 null text/html; charset=utf-8 100.5541ms
2024-11-07 15:54:28.132 +01:00 [INF] Request starting HTTP/1.1 GET http://localhost:5271/js.jquery.min.js - null null
2024-11-07 15:54:28.133 +01:00 [INF] Request finished HTTP/1.1 GET http://localhost:5271/js.jquery.min.js - 404 0 null 0.4127ms
2024-11-07 15:54:28.133 +01:00 [INF] Request reached the end of the middleware pipeline without being handled by application code. Request path: GET http://localhost:5271/js.jquery.min.js, Response status code: 404
2024-11-07 15:54:28.137 +01:00 [INF] Request starting HTTP/1.1 GET http://localhost:5271/FoodReggie_1.styles.css - null null
2024-11-07 15:54:28.137 +01:00 [INF] Request finished HTTP/1.1 GET http://localhost:5271/FoodReggie_1.styles.css - 404 0 null 0.165ms
2024-11-07 15:54:28.137 +01:00 [INF] Request reached the end of the middleware pipeline without being handled by application code. Request path: GET http://localhost:5271/FoodReggie_1.styles.css, Response status code: 404
2024-11-07 15:54:29.967 +01:00 [INF] Request starting HTTP/1.1 GET http://localhost:5271/Food/Create - null null
2024-11-07 15:54:29.969 +01:00 [INF] Executing endpoint 'FoodReggie_1.Controllers.FoodController.Create (FoodReggie-1)'
2024-11-07 15:54:29.971 +01:00 [INF] Route matched with {action = "Create", controller = "Food"}. Executing controller action with signature Microsoft.AspNetCore.Mvc.IActionResult Create() on controller FoodReggie_1.Controllers.FoodController (FoodReggie-1).
2024-11-07 15:54:29.973 +01:00 [INF] Executing ViewResult, running view Create.
2024-11-07 15:54:30.007 +01:00 [INF] Executed ViewResult - view Create executed in 34.627ms.
2024-11-07 15:54:30.007 +01:00 [INF] Executed action FoodReggie_1.Controllers.FoodController.Create (FoodReggie-1) in 35.8959ms
2024-11-07 15:54:30.007 +01:00 [INF] Executed endpoint 'FoodReggie_1.Controllers.FoodController.Create (FoodReggie-1)'
2024-11-07 15:54:30.007 +01:00 [INF] Request finished HTTP/1.1 GET http://localhost:5271/Food/Create - 200 null text/html; charset=utf-8 40.1337ms
2024-11-07 15:54:30.027 +01:00 [INF] Request starting HTTP/1.1 GET http://localhost:5271/js.jquery.min.js - null null
2024-11-07 15:54:30.028 +01:00 [INF] Request finished HTTP/1.1 GET http://localhost:5271/js.jquery.min.js - 404 0 null 0.2522ms
2024-11-07 15:54:30.028 +01:00 [INF] Request reached the end of the middleware pipeline without being handled by application code. Request path: GET http://localhost:5271/js.jquery.min.js, Response status code: 404
2024-11-07 15:54:30.035 +01:00 [INF] Request starting HTTP/1.1 GET http://localhost:5271/FoodReggie_1.styles.css - null null
2024-11-07 15:54:30.035 +01:00 [INF] Request finished HTTP/1.1 GET http://localhost:5271/FoodReggie_1.styles.css - 404 0 null 0.2446ms
2024-11-07 15:54:30.035 +01:00 [INF] Request reached the end of the middleware pipeline without being handled by application code. Request path: GET http://localhost:5271/FoodReggie_1.styles.css, Response status code: 404
2024-11-07 15:54:40.648 +01:00 [INF] Request starting HTTP/1.1 POST http://localhost:5271/Food/Create - application/x-www-form-urlencoded 279
2024-11-07 15:54:40.649 +01:00 [INF] Executing endpoint 'FoodReggie_1.Controllers.FoodController.Create (FoodReggie-1)'
2024-11-07 15:54:40.664 +01:00 [INF] Route matched with {action = "Create", controller = "Food"}. Executing controller action with signature System.Threading.Tasks.Task`1[Microsoft.AspNetCore.Mvc.IActionResult] Create(FoodReggie_1.Models.Food) on controller FoodReggie_1.Controllers.FoodController (FoodReggie-1).
2024-11-07 15:54:40.679 +01:00 [ERR] [FoodController] Error when creating a Food Item: {"FoodId":0,"Name":"anwdkn123","FoodGroup":null,"Calories":0,"Protein":0,"Carbohydrates":0,"Fats":0,"ImageURL":null,"RegistratedFoods":null,"$type":"Food"}
2024-11-07 15:54:40.679 +01:00 [INF] Executing ViewResult, running view Create.
2024-11-07 15:54:40.682 +01:00 [INF] Executed ViewResult - view Create executed in 2.9514ms.
2024-11-07 15:54:40.682 +01:00 [INF] Executed action FoodReggie_1.Controllers.FoodController.Create (FoodReggie-1) in 18.649ms
2024-11-07 15:54:40.682 +01:00 [INF] Executed endpoint 'FoodReggie_1.Controllers.FoodController.Create (FoodReggie-1)'
2024-11-07 15:54:40.683 +01:00 [INF] Request finished HTTP/1.1 POST http://localhost:5271/Food/Create - 200 null text/html; charset=utf-8 34.9254ms
2024-11-07 15:54:40.705 +01:00 [INF] Request starting HTTP/1.1 GET http://localhost:5271/js.jquery.min.js - null null
2024-11-07 15:54:40.706 +01:00 [INF] Request finished HTTP/1.1 GET http://localhost:5271/js.jquery.min.js - 404 0 null 0.3507ms
2024-11-07 15:54:40.706 +01:00 [INF] Request reached the end of the middleware pipeline without being handled by application code. Request path: GET http://localhost:5271/js.jquery.min.js, Response status code: 404
2024-11-07 15:54:40.714 +01:00 [INF] Request starting HTTP/1.1 GET http://localhost:5271/FoodReggie_1.styles.css - null null
2024-11-07 15:54:40.715 +01:00 [INF] Request finished HTTP/1.1 GET http://localhost:5271/FoodReggie_1.styles.css - 404 0 null 0.4045ms
2024-11-07 15:54:40.715 +01:00 [INF] Request reached the end of the middleware pipeline without being handled by application code. Request path: GET http://localhost:5271/FoodReggie_1.styles.css, Response status code: 404
2024-11-07 15:55:10.431 +01:00 [INF] Request starting HTTP/1.1 POST http://localhost:5271/Food/Create - application/x-www-form-urlencoded 293
2024-11-07 15:55:10.432 +01:00 [INF] Executing endpoint 'FoodReggie_1.Controllers.FoodController.Create (FoodReggie-1)'
2024-11-07 15:55:10.432 +01:00 [INF] Route matched with {action = "Create", controller = "Food"}. Executing controller action with signature System.Threading.Tasks.Task`1[Microsoft.AspNetCore.Mvc.IActionResult] Create(FoodReggie_1.Models.Food) on controller FoodReggie_1.Controllers.FoodController (FoodReggie-1).
2024-11-07 15:55:10.444 +01:00 [ERR] [FoodController] Error when creating a Food Item: {"FoodId":0,"Name":"anwdkn123","FoodGroup":"awdawd123","Calories":0,"Protein":31,"Carbohydrates":0,"Fats":0,"ImageURL":null,"RegistratedFoods":null,"$type":"Food"}
2024-11-07 15:55:10.445 +01:00 [INF] Executing ViewResult, running view Create.
2024-11-07 15:55:10.448 +01:00 [INF] Executed ViewResult - view Create executed in 3.2106ms.
2024-11-07 15:55:10.448 +01:00 [INF] Executed action FoodReggie_1.Controllers.FoodController.Create (FoodReggie-1) in 15.8317ms
2024-11-07 15:55:10.448 +01:00 [INF] Executed endpoint 'FoodReggie_1.Controllers.FoodController.Create (FoodReggie-1)'
2024-11-07 15:55:10.448 +01:00 [INF] Request finished HTTP/1.1 POST http://localhost:5271/Food/Create - 200 null text/html; charset=utf-8 17.5727ms
2024-11-07 15:55:10.468 +01:00 [INF] Request starting HTTP/1.1 GET http://localhost:5271/js.jquery.min.js - null null
2024-11-07 15:55:10.468 +01:00 [INF] Request finished HTTP/1.1 GET http://localhost:5271/js.jquery.min.js - 404 0 null 0.2485ms
2024-11-07 15:55:10.468 +01:00 [INF] Request reached the end of the middleware pipeline without being handled by application code. Request path: GET http://localhost:5271/js.jquery.min.js, Response status code: 404
2024-11-07 15:55:10.473 +01:00 [INF] Request starting HTTP/1.1 GET http://localhost:5271/FoodReggie_1.styles.css - null null
2024-11-07 15:55:10.473 +01:00 [INF] Request finished HTTP/1.1 GET http://localhost:5271/FoodReggie_1.styles.css - 404 0 null 0.35ms
2024-11-07 15:55:10.474 +01:00 [INF] Request reached the end of the middleware pipeline without being handled by application code. Request path: GET http://localhost:5271/FoodReggie_1.styles.css, Response status code: 404
2024-11-07 15:57:14.796 +01:00 [INF] Application is shutting down...
