2024-11-07 19:36:15.686 +01:00 [INF] User profile is available. Using '/Users/andreashattmann/.aspnet/DataProtection-Keys' as key repository; keys will not be encrypted at rest.
2024-11-07 19:36:15.749 +01:00 [INF] Now listening on: http://localhost:5271
2024-11-07 19:36:15.752 +01:00 [INF] Application started. Press Ctrl+C to shut down.
2024-11-07 19:36:15.752 +01:00 [INF] Hosting environment: Development
2024-11-07 19:36:15.752 +01:00 [INF] Content root path: /Users/andreashattmann/Desktop/ITPE3200 Webapplikasjoner/FoodReggie-1
2024-11-07 19:36:17.280 +01:00 [INF] Request starting HTTP/1.1 GET http://localhost:5271/ - null null
2024-11-07 19:36:17.294 +01:00 [WRN] Failed to determine the https port for redirect.
2024-11-07 19:36:17.338 +01:00 [INF] Executing endpoint 'FoodReggie_1.Controllers.HomeController.Index (FoodReggie-1)'
2024-11-07 19:36:17.345 +01:00 [INF] Route matched with {action = "Index", controller = "Home", page = "", area = ""}. Executing controller action with signature Microsoft.AspNetCore.Mvc.IActionResult Index() on controller FoodReggie_1.Controllers.HomeController (FoodReggie-1).
2024-11-07 19:36:17.349 +01:00 [INF] Executing ViewResult, running view Index.
2024-11-07 19:36:17.442 +01:00 [INF] Executed ViewResult - view Index executed in 93.3585ms.
2024-11-07 19:36:17.444 +01:00 [INF] Executed action FoodReggie_1.Controllers.HomeController.Index (FoodReggie-1) in 99.0112ms
2024-11-07 19:36:17.444 +01:00 [INF] Executed endpoint 'FoodReggie_1.Controllers.HomeController.Index (FoodReggie-1)'
2024-11-07 19:36:17.449 +01:00 [INF] Request finished HTTP/1.1 GET http://localhost:5271/ - 200 null text/html; charset=utf-8 172.4179ms
2024-11-07 19:36:17.460 +01:00 [INF] Request starting HTTP/1.1 GET http://localhost:5271/css/styles.css?v=QJVxZiVnc8hgdopNHG4GW7m8pC9tO7eQWbwLrP5KlkM - null null
2024-11-07 19:36:17.460 +01:00 [INF] Request starting HTTP/1.1 GET http://localhost:5271/js.jquery.min.js - null null
2024-11-07 19:36:17.460 +01:00 [INF] Request starting HTTP/1.1 GET http://localhost:5271/FoodReggie_1.styles.css - null null
2024-11-07 19:36:17.464 +01:00 [INF] Request finished HTTP/1.1 GET http://localhost:5271/FoodReggie_1.styles.css - 404 0 null 3.4587ms
2024-11-07 19:36:17.464 +01:00 [INF] Request finished HTTP/1.1 GET http://localhost:5271/js.jquery.min.js - 404 0 null 3.8562ms
2024-11-07 19:36:17.465 +01:00 [INF] Request reached the end of the middleware pipeline without being handled by application code. Request path: GET http://localhost:5271/js.jquery.min.js, Response status code: 404
2024-11-07 19:36:17.465 +01:00 [INF] Request reached the end of the middleware pipeline without being handled by application code. Request path: GET http://localhost:5271/FoodReggie_1.styles.css, Response status code: 404
2024-11-07 19:36:17.466 +01:00 [INF] Sending file. Request path: '/css/styles.css'. Physical path: '/Users/andreashattmann/Desktop/ITPE3200 Webapplikasjoner/FoodReggie-1/wwwroot/css/styles.css'
2024-11-07 19:36:17.466 +01:00 [INF] Request finished HTTP/1.1 GET http://localhost:5271/css/styles.css?v=QJVxZiVnc8hgdopNHG4GW7m8pC9tO7eQWbwLrP5KlkM - 200 5555 text/css 6.3458ms
2024-11-07 19:36:21.327 +01:00 [INF] Request starting HTTP/1.1 POST http://localhost:5271/Identity/Account/Logout?returnUrl=%2F - application/x-www-form-urlencoded 225
2024-11-07 19:36:21.350 +01:00 [ERR] An unhandled exception has occurred while executing the request.
System.InvalidOperationException: Endpoint /Account/Logout contains authorization metadata, but a middleware was not found that supports authorization.
Configure your application startup by adding app.UseAuthorization() in the application startup code. If there are calls to app.UseRouting() and app.UseEndpoints(...), the call to app.UseAuthorization() must go between them.
   at Microsoft.AspNetCore.Routing.EndpointMiddleware.ThrowMissingAuthMiddlewareException(Endpoint endpoint)
   at Microsoft.AspNetCore.Routing.EndpointMiddleware.Invoke(HttpContext httpContext)
   at Microsoft.AspNetCore.Authorization.AuthorizationMiddleware.Invoke(HttpContext context)
   at Microsoft.AspNetCore.Authentication.AuthenticationMiddleware.Invoke(HttpContext context)
   at Microsoft.AspNetCore.Session.SessionMiddleware.Invoke(HttpContext context)
   at Microsoft.AspNetCore.Session.SessionMiddleware.Invoke(HttpContext context)
   at Microsoft.AspNetCore.Diagnostics.DeveloperExceptionPageMiddlewareImpl.Invoke(HttpContext context)
2024-11-07 19:36:21.360 +01:00 [INF] Request finished HTTP/1.1 POST http://localhost:5271/Identity/Account/Logout?returnUrl=%2F - 500 null text/html; charset=utf-8 32.565ms
2024-11-07 19:37:21.008 +01:00 [INF] Application is shutting down...
