2024-11-07 19:14:02.562 +01:00 [INF] User profile is available. Using '/Users/andreashattmann/.aspnet/DataProtection-Keys' as key repository; keys will not be encrypted at rest.
2024-11-07 19:14:02.622 +01:00 [INF] Now listening on: http://localhost:5271
2024-11-07 19:14:02.624 +01:00 [INF] Application started. Press Ctrl+C to shut down.
2024-11-07 19:14:02.624 +01:00 [INF] Hosting environment: Development
2024-11-07 19:14:02.624 +01:00 [INF] Content root path: /Users/andreashattmann/Desktop/ITPE3200 Webapplikasjoner/FoodReggie-1
2024-11-07 19:14:04.163 +01:00 [INF] Request starting HTTP/1.1 GET http://localhost:5271/ - null null
2024-11-07 19:14:04.167 +01:00 [WRN] Failed to determine the https port for redirect.
2024-11-07 19:14:04.185 +01:00 [INF] Executing endpoint 'FoodReggie_1.Controllers.HomeController.Index (FoodReggie-1)'
2024-11-07 19:14:04.190 +01:00 [INF] Route matched with {action = "Index", controller = "Home", page = "", area = ""}. Executing controller action with signature Microsoft.AspNetCore.Mvc.IActionResult Index() on controller FoodReggie_1.Controllers.HomeController (FoodReggie-1).
2024-11-07 19:14:04.192 +01:00 [INF] Executing ViewResult, running view Index.
2024-11-07 19:14:04.270 +01:00 [INF] Executed ViewResult - view Index executed in 77.7723ms.
2024-11-07 19:14:04.272 +01:00 [INF] Executed action FoodReggie_1.Controllers.HomeController.Index (FoodReggie-1) in 81.9667ms
2024-11-07 19:14:04.272 +01:00 [INF] Executed endpoint 'FoodReggie_1.Controllers.HomeController.Index (FoodReggie-1)'
2024-11-07 19:14:04.277 +01:00 [INF] Request finished HTTP/1.1 GET http://localhost:5271/ - 200 null text/html; charset=utf-8 114.5835ms
2024-11-07 19:14:04.286 +01:00 [INF] Request starting HTTP/1.1 GET http://localhost:5271/FoodReggie_1.styles.css - null null
2024-11-07 19:14:04.286 +01:00 [INF] Request starting HTTP/1.1 GET http://localhost:5271/js.jquery.min.js - null null
2024-11-07 19:14:04.286 +01:00 [INF] Request starting HTTP/1.1 GET http://localhost:5271/css/styles.css?v=x_cxDTT9uHXnhYS62FYwTjQMeU08CdzhPGIcKugz3Ok - null null
2024-11-07 19:14:04.287 +01:00 [INF] The file /css/styles.css was not modified
2024-11-07 19:14:04.287 +01:00 [INF] Request finished HTTP/1.1 GET http://localhost:5271/FoodReggie_1.styles.css - 404 0 null 1.7356ms
2024-11-07 19:14:04.287 +01:00 [INF] Request finished HTTP/1.1 GET http://localhost:5271/css/styles.css?v=x_cxDTT9uHXnhYS62FYwTjQMeU08CdzhPGIcKugz3Ok - 304 null text/css 1.7017ms
2024-11-07 19:14:04.287 +01:00 [INF] Request finished HTTP/1.1 GET http://localhost:5271/js.jquery.min.js - 404 0 null 1.7167ms
2024-11-07 19:14:04.288 +01:00 [INF] Request reached the end of the middleware pipeline without being handled by application code. Request path: GET http://localhost:5271/FoodReggie_1.styles.css, Response status code: 404
2024-11-07 19:14:04.288 +01:00 [INF] Request reached the end of the middleware pipeline without being handled by application code. Request path: GET http://localhost:5271/js.jquery.min.js, Response status code: 404
2024-11-07 19:15:49.038 +01:00 [INF] Application is shutting down...
