2024-11-07 19:38:55.388 +01:00 [INF] User profile is available. Using '/Users/andreashattmann/.aspnet/DataProtection-Keys' as key repository; keys will not be encrypted at rest.
2024-11-07 19:38:55.442 +01:00 [INF] Now listening on: http://localhost:5271
2024-11-07 19:38:55.444 +01:00 [INF] Application started. Press Ctrl+C to shut down.
2024-11-07 19:38:55.444 +01:00 [INF] Hosting environment: Development
2024-11-07 19:38:55.444 +01:00 [INF] Content root path: /Users/andreashattmann/Desktop/ITPE3200 Webapplikasjoner/FoodReggie-1
2024-11-07 19:38:56.576 +01:00 [INF] Request starting HTTP/1.1 GET http://localhost:5271/ - null null
2024-11-07 19:38:56.584 +01:00 [WRN] Failed to determine the https port for redirect.
2024-11-07 19:38:56.635 +01:00 [INF] Executing endpoint 'FoodReggie_1.Controllers.HomeController.Index (FoodReggie-1)'
2024-11-07 19:38:56.644 +01:00 [INF] Route matched with {action = "Index", controller = "Home", page = "", area = ""}. Executing controller action with signature Microsoft.AspNetCore.Mvc.IActionResult Index() on controller FoodReggie_1.Controllers.HomeController (FoodReggie-1).
2024-11-07 19:38:56.652 +01:00 [INF] Executing ViewResult, running view Index.
2024-11-07 19:38:56.793 +01:00 [INF] Executed ViewResult - view Index executed in 143.0515ms.
2024-11-07 19:38:56.796 +01:00 [INF] Executed action FoodReggie_1.Controllers.HomeController.Index (FoodReggie-1) in 150.9962ms
2024-11-07 19:38:56.796 +01:00 [INF] Executed endpoint 'FoodReggie_1.Controllers.HomeController.Index (FoodReggie-1)'
2024-11-07 19:38:56.803 +01:00 [INF] Request finished HTTP/1.1 GET http://localhost:5271/ - 200 null text/html; charset=utf-8 227.3819ms
2024-11-07 19:38:56.814 +01:00 [INF] Request starting HTTP/1.1 GET http://localhost:5271/FoodReggie_1.styles.css - null null
2024-11-07 19:38:56.814 +01:00 [INF] Request starting HTTP/1.1 GET http://localhost:5271/css/styles.css?v=QJVxZiVnc8hgdopNHG4GW7m8pC9tO7eQWbwLrP5KlkM - null null
2024-11-07 19:38:56.816 +01:00 [INF] Request starting HTTP/1.1 GET http://localhost:5271/js.jquery.min.js - null null
2024-11-07 19:38:56.821 +01:00 [INF] Request finished HTTP/1.1 GET http://localhost:5271/js.jquery.min.js - 404 0 null 4.5537ms
2024-11-07 19:38:56.821 +01:00 [INF] Request finished HTTP/1.1 GET http://localhost:5271/FoodReggie_1.styles.css - 404 0 null 6.3107ms
2024-11-07 19:38:56.821 +01:00 [INF] The file /css/styles.css was not modified
2024-11-07 19:38:56.822 +01:00 [INF] Request finished HTTP/1.1 GET http://localhost:5271/css/styles.css?v=QJVxZiVnc8hgdopNHG4GW7m8pC9tO7eQWbwLrP5KlkM - 304 null text/css 7.745ms
2024-11-07 19:38:56.822 +01:00 [INF] Request reached the end of the middleware pipeline without being handled by application code. Request path: GET http://localhost:5271/js.jquery.min.js, Response status code: 404
2024-11-07 19:38:56.822 +01:00 [INF] Request reached the end of the middleware pipeline without being handled by application code. Request path: GET http://localhost:5271/FoodReggie_1.styles.css, Response status code: 404
2024-11-07 19:38:58.458 +01:00 [INF] Request starting HTTP/1.1 GET http://localhost:5271/Registration/Table - null null
2024-11-07 19:38:58.465 +01:00 [INF] Authorization failed. These requirements were not met:
DenyAnonymousAuthorizationRequirement: Requires an authenticated user.
2024-11-07 19:38:58.467 +01:00 [INF] AuthenticationScheme: Identity.Application was challenged.
2024-11-07 19:38:58.468 +01:00 [INF] Request finished HTTP/1.1 GET http://localhost:5271/Registration/Table - 302 0 null 9.8678ms
2024-11-07 19:38:58.475 +01:00 [INF] Request starting HTTP/1.1 GET http://localhost:5271/Identity/Account/Login?ReturnUrl=%2FRegistration%2FTable - null null
2024-11-07 19:38:58.476 +01:00 [INF] Executing endpoint '/Account/Login'
2024-11-07 19:38:58.490 +01:00 [INF] Route matched with {page = "/Account/Login", area = "Identity", action = "", controller = ""}. Executing page /Account/Login
2024-11-07 19:38:58.497 +01:00 [INF] Executing handler method FoodReggie_1.Areas.Identity.Pages.Account.LoginModel.OnGetAsync - ModelState is "Valid"
2024-11-07 19:38:58.500 +01:00 [INF] AuthenticationScheme: Identity.External signed out.
2024-11-07 19:38:58.500 +01:00 [INF] Executed handler method OnGetAsync, returned result .
2024-11-07 19:38:58.502 +01:00 [INF] Executing an implicit handler method - ModelState is "Valid"
2024-11-07 19:38:58.502 +01:00 [INF] Executed an implicit handler method, returned result Microsoft.AspNetCore.Mvc.RazorPages.PageResult.
2024-11-07 19:38:58.524 +01:00 [INF] Executed page /Account/Login in 34.1455ms
2024-11-07 19:38:58.524 +01:00 [INF] Executed endpoint '/Account/Login'
2024-11-07 19:38:58.524 +01:00 [INF] Request finished HTTP/1.1 GET http://localhost:5271/Identity/Account/Login?ReturnUrl=%2FRegistration%2FTable - 200 null text/html; charset=utf-8 49.1885ms
2024-11-07 19:38:58.556 +01:00 [INF] Request starting HTTP/1.1 GET http://localhost:5271/js.jquery.min.js - null null
2024-11-07 19:38:58.557 +01:00 [INF] Request finished HTTP/1.1 GET http://localhost:5271/js.jquery.min.js - 404 0 null 0.5175ms
2024-11-07 19:38:58.557 +01:00 [INF] Request reached the end of the middleware pipeline without being handled by application code. Request path: GET http://localhost:5271/js.jquery.min.js, Response status code: 404
2024-11-07 19:38:58.561 +01:00 [INF] Request starting HTTP/1.1 GET http://localhost:5271/FoodReggie_1.styles.css - null null
2024-11-07 19:38:58.562 +01:00 [INF] Request finished HTTP/1.1 GET http://localhost:5271/FoodReggie_1.styles.css - 404 0 null 0.8651ms
2024-11-07 19:38:58.562 +01:00 [INF] Request reached the end of the middleware pipeline without being handled by application code. Request path: GET http://localhost:5271/FoodReggie_1.styles.css, Response status code: 404
2024-11-07 19:39:04.435 +01:00 [INF] Request starting HTTP/1.1 GET http://localhost:5271/Food/Table - null null
2024-11-07 19:39:04.437 +01:00 [INF] Executing endpoint 'FoodReggie_1.Controllers.FoodController.Table (FoodReggie-1)'
2024-11-07 19:39:04.442 +01:00 [INF] Route matched with {action = "Table", controller = "Food", page = "", area = ""}. Executing controller action with signature System.Threading.Tasks.Task`1[Microsoft.AspNetCore.Mvc.IActionResult] Table() on controller FoodReggie_1.Controllers.FoodController (FoodReggie-1).
2024-11-07 19:39:04.509 +01:00 [INF] Executing ViewResult, running view Table.
2024-11-07 19:39:04.536 +01:00 [INF] Executed ViewResult - view Table executed in 26.8509ms.
2024-11-07 19:39:04.537 +01:00 [INF] Executed action FoodReggie_1.Controllers.FoodController.Table (FoodReggie-1) in 94.5664ms
2024-11-07 19:39:04.537 +01:00 [INF] Executed endpoint 'FoodReggie_1.Controllers.FoodController.Table (FoodReggie-1)'
2024-11-07 19:39:04.543 +01:00 [INF] Request finished HTTP/1.1 GET http://localhost:5271/Food/Table - 200 null text/html; charset=utf-8 108.2056ms
2024-11-07 19:39:04.579 +01:00 [INF] Request starting HTTP/1.1 GET http://localhost:5271/js.jquery.min.js - null null
2024-11-07 19:39:04.579 +01:00 [INF] Request finished HTTP/1.1 GET http://localhost:5271/js.jquery.min.js - 404 0 null 0.4855ms
2024-11-07 19:39:04.579 +01:00 [INF] Request reached the end of the middleware pipeline without being handled by application code. Request path: GET http://localhost:5271/js.jquery.min.js, Response status code: 404
2024-11-07 19:39:04.588 +01:00 [INF] Request starting HTTP/1.1 GET http://localhost:5271/FoodReggie_1.styles.css - null null
2024-11-07 19:39:04.588 +01:00 [INF] Request starting HTTP/1.1 GET http://localhost:5271/css/styles.css?v=QJVxZiVnc8hgdopNHG4GW7m8pC9tO7eQWbwLrP5KlkM - null null
2024-11-07 19:39:04.589 +01:00 [INF] The file /css/styles.css was not modified
2024-11-07 19:39:04.589 +01:00 [INF] Request finished HTTP/1.1 GET http://localhost:5271/FoodReggie_1.styles.css - 404 0 null 0.5912ms
2024-11-07 19:39:04.589 +01:00 [INF] Request reached the end of the middleware pipeline without being handled by application code. Request path: GET http://localhost:5271/FoodReggie_1.styles.css, Response status code: 404
2024-11-07 19:39:04.589 +01:00 [INF] Request finished HTTP/1.1 GET http://localhost:5271/css/styles.css?v=QJVxZiVnc8hgdopNHG4GW7m8pC9tO7eQWbwLrP5KlkM - 304 null text/css 0.5661ms
2024-11-07 19:39:28.492 +01:00 [INF] Application is shutting down...
