2024-11-07 19:11:32.054 +01:00 [INF] User profile is available. Using '/Users/andreashattmann/.aspnet/DataProtection-Keys' as key repository; keys will not be encrypted at rest.
2024-11-07 19:11:32.134 +01:00 [INF] Now listening on: http://localhost:5271
2024-11-07 19:11:32.136 +01:00 [INF] Application started. Press Ctrl+C to shut down.
2024-11-07 19:11:32.136 +01:00 [INF] Hosting environment: Development
2024-11-07 19:11:32.136 +01:00 [INF] Content root path: /Users/andreashattmann/Desktop/ITPE3200 Webapplikasjoner/FoodReggie-1
2024-11-07 19:11:33.652 +01:00 [INF] Request starting HTTP/1.1 GET http://localhost:5271/ - null null
2024-11-07 19:11:33.655 +01:00 [WRN] Failed to determine the https port for redirect.
2024-11-07 19:11:33.670 +01:00 [INF] Executing endpoint 'FoodReggie_1.Controllers.HomeController.Index (FoodReggie-1)'
2024-11-07 19:11:33.675 +01:00 [INF] Route matched with {action = "Index", controller = "Home", page = "", area = ""}. Executing controller action with signature Microsoft.AspNetCore.Mvc.IActionResult Index() on controller FoodReggie_1.Controllers.HomeController (FoodReggie-1).
2024-11-07 19:11:33.678 +01:00 [INF] Executing ViewResult, running view Index.
2024-11-07 19:11:33.765 +01:00 [INF] Executed ViewResult - view Index executed in 87.206ms.
2024-11-07 19:11:33.766 +01:00 [INF] Executed action FoodReggie_1.Controllers.HomeController.Index (FoodReggie-1) in 90.8775ms
2024-11-07 19:11:33.766 +01:00 [INF] Executed endpoint 'FoodReggie_1.Controllers.HomeController.Index (FoodReggie-1)'
2024-11-07 19:11:33.769 +01:00 [INF] Request finished HTTP/1.1 GET http://localhost:5271/ - 200 null text/html; charset=utf-8 118.0616ms
2024-11-07 19:11:33.782 +01:00 [INF] Request starting HTTP/1.1 GET http://localhost:5271/js.jquery.min.js - null null
2024-11-07 19:11:33.782 +01:00 [INF] Request starting HTTP/1.1 GET http://localhost:5271/FoodReggie_1.styles.css - null null
2024-11-07 19:11:33.782 +01:00 [INF] Request starting HTTP/1.1 GET http://localhost:5271/css/styles.css?v=x_cxDTT9uHXnhYS62FYwTjQMeU08CdzhPGIcKugz3Ok - null null
2024-11-07 19:11:33.786 +01:00 [INF] Request finished HTTP/1.1 GET http://localhost:5271/FoodReggie_1.styles.css - 404 0 null 3.6647ms
2024-11-07 19:11:33.786 +01:00 [INF] Request finished HTTP/1.1 GET http://localhost:5271/js.jquery.min.js - 404 0 null 4.2005ms
2024-11-07 19:11:33.787 +01:00 [INF] Request reached the end of the middleware pipeline without being handled by application code. Request path: GET http://localhost:5271/FoodReggie_1.styles.css, Response status code: 404
2024-11-07 19:11:33.787 +01:00 [INF] Request reached the end of the middleware pipeline without being handled by application code. Request path: GET http://localhost:5271/js.jquery.min.js, Response status code: 404
2024-11-07 19:11:33.789 +01:00 [INF] Sending file. Request path: '/css/styles.css'. Physical path: '/Users/andreashattmann/Desktop/ITPE3200 Webapplikasjoner/FoodReggie-1/wwwroot/css/styles.css'
2024-11-07 19:11:33.790 +01:00 [INF] Request finished HTTP/1.1 GET http://localhost:5271/css/styles.css?v=x_cxDTT9uHXnhYS62FYwTjQMeU08CdzhPGIcKugz3Ok - 200 5634 text/css 7.2846ms
2024-11-07 19:12:05.308 +01:00 [INF] Application is shutting down...
