2024-11-26 20:43:30.417 +01:00 [INF] User profile is available. Using '/Users/andreashattmann/.aspnet/DataProtection-Keys' as key repository; keys will not be encrypted at rest.
2024-11-26 20:43:30.469 +01:00 [INF] Now listening on: http://localhost:5271
2024-11-26 20:43:30.470 +01:00 [INF] Application started. Press Ctrl+C to shut down.
2024-11-26 20:43:30.471 +01:00 [INF] Hosting environment: Development
2024-11-26 20:43:30.471 +01:00 [INF] Content root path: /Users/andreashattmann/Desktop/ITPE3200 Webapplikasjoner/FoodReggie-1
2024-11-26 20:43:31.577 +01:00 [INF] Request starting HTTP/1.1 GET http://localhost:5271/ - null null
2024-11-26 20:43:31.589 +01:00 [WRN] Failed to determine the https port for redirect.
2024-11-26 20:43:31.639 +01:00 [INF] Executing endpoint 'FoodReggie_1.Controllers.HomeController.Index (FoodReggie-1)'
2024-11-26 20:43:31.644 +01:00 [INF] Route matched with {action = "Index", controller = "Home", page = "", area = ""}. Executing controller action with signature Microsoft.AspNetCore.Mvc.IActionResult Index() on controller FoodReggie_1.Controllers.HomeController (FoodReggie-1).
2024-11-26 20:43:31.647 +01:00 [INF] Executing ViewResult, running view Index.
2024-11-26 20:43:31.796 +01:00 [INF] Executed ViewResult - view Index executed in 149.3359ms.
2024-11-26 20:43:31.799 +01:00 [INF] Executed action FoodReggie_1.Controllers.HomeController.Index (FoodReggie-1) in 154.0651ms
2024-11-26 20:43:31.799 +01:00 [INF] Executed endpoint 'FoodReggie_1.Controllers.HomeController.Index (FoodReggie-1)'
2024-11-26 20:43:31.808 +01:00 [INF] Request finished HTTP/1.1 GET http://localhost:5271/ - 200 null text/html; charset=utf-8 232.5884ms
2024-11-26 20:43:31.812 +01:00 [INF] Request starting HTTP/1.1 GET http://localhost:5271/FoodReggie_1.styles.css - null null
2024-11-26 20:43:31.815 +01:00 [INF] Request starting HTTP/1.1 GET http://localhost:5271/js.jquery.min.js - null null
2024-11-26 20:43:31.825 +01:00 [INF] Request finished HTTP/1.1 GET http://localhost:5271/FoodReggie_1.styles.css - 404 0 null 13.5888ms
2024-11-26 20:43:31.825 +01:00 [INF] Request finished HTTP/1.1 GET http://localhost:5271/js.jquery.min.js - 404 0 null 10.586ms
2024-11-26 20:43:31.826 +01:00 [INF] Request reached the end of the middleware pipeline without being handled by application code. Request path: GET http://localhost:5271/js.jquery.min.js, Response status code: 404
2024-11-26 20:43:31.826 +01:00 [INF] Request reached the end of the middleware pipeline without being handled by application code. Request path: GET http://localhost:5271/FoodReggie_1.styles.css, Response status code: 404
2024-11-26 20:43:33.104 +01:00 [INF] Request starting HTTP/1.1 GET http://localhost:5271/Registration/Table - null null
2024-11-26 20:43:33.124 +01:00 [INF] Executing endpoint 'FoodReggie_1.Controllers.RegistrationController.Table (FoodReggie-1)'
2024-11-26 20:43:33.127 +01:00 [INF] Route matched with {action = "Table", controller = "Registration", page = "", area = ""}. Executing controller action with signature System.Threading.Tasks.Task`1[Microsoft.AspNetCore.Mvc.IActionResult] Table() on controller FoodReggie_1.Controllers.RegistrationController (FoodReggie-1).
2024-11-26 20:43:33.188 +01:00 [INF] Executing ViewResult, running view Table.
2024-11-26 20:43:33.228 +01:00 [INF] Executed ViewResult - view Table executed in 40.4346ms.
2024-11-26 20:43:33.228 +01:00 [INF] Executed action FoodReggie_1.Controllers.RegistrationController.Table (FoodReggie-1) in 100.5966ms
2024-11-26 20:43:33.228 +01:00 [INF] Executed endpoint 'FoodReggie_1.Controllers.RegistrationController.Table (FoodReggie-1)'
2024-11-26 20:43:33.229 +01:00 [INF] Request finished HTTP/1.1 GET http://localhost:5271/Registration/Table - 200 null text/html; charset=utf-8 125.5266ms
2024-11-26 20:43:33.246 +01:00 [INF] Request starting HTTP/1.1 GET http://localhost:5271/js.jquery.min.js - null null
2024-11-26 20:43:33.246 +01:00 [INF] Request starting HTTP/1.1 GET http://localhost:5271/FoodReggie_1.styles.css - null null
2024-11-26 20:43:33.248 +01:00 [INF] Request finished HTTP/1.1 GET http://localhost:5271/FoodReggie_1.styles.css - 404 0 null 2.4671ms
2024-11-26 20:43:33.248 +01:00 [INF] Request finished HTTP/1.1 GET http://localhost:5271/js.jquery.min.js - 404 0 null 2.4459ms
2024-11-26 20:43:33.248 +01:00 [INF] Request reached the end of the middleware pipeline without being handled by application code. Request path: GET http://localhost:5271/FoodReggie_1.styles.css, Response status code: 404
2024-11-26 20:43:33.249 +01:00 [INF] Request reached the end of the middleware pipeline without being handled by application code. Request path: GET http://localhost:5271/js.jquery.min.js, Response status code: 404
2024-11-26 20:43:40.415 +01:00 [INF] Request starting HTTP/1.1 GET http://localhost:5271/Identity/Account/Manage - null null
2024-11-26 20:43:40.418 +01:00 [INF] Executing endpoint '/Account/Manage/Index'
2024-11-26 20:43:40.436 +01:00 [INF] Route matched with {page = "/Account/Manage/Index", area = "Identity", action = "", controller = ""}. Executing page /Account/Manage/Index
2024-11-26 20:43:40.444 +01:00 [INF] Executing handler method FoodReggie_1.Areas.Identity.Pages.Account.Manage.IndexModel.OnGetAsync - ModelState is "Valid"
2024-11-26 20:43:40.478 +01:00 [INF] Executed handler method OnGetAsync, returned result Microsoft.AspNetCore.Mvc.NotFoundObjectResult.
2024-11-26 20:43:40.482 +01:00 [INF] Executing NotFoundObjectResult, writing value of type 'System.String'.
2024-11-26 20:43:40.483 +01:00 [INF] Executed page /Account/Manage/Index in 46.992ms
2024-11-26 20:43:40.483 +01:00 [INF] Executed endpoint '/Account/Manage/Index'
2024-11-26 20:43:40.483 +01:00 [INF] Request finished HTTP/1.1 GET http://localhost:5271/Identity/Account/Manage - 404 null text/plain; charset=utf-8 68.6646ms
2024-11-26 20:43:41.756 +01:00 [INF] Request starting HTTP/1.1 GET http://localhost:5271/Registration/Table - null null
2024-11-26 20:43:41.760 +01:00 [INF] Executing endpoint 'FoodReggie_1.Controllers.RegistrationController.Table (FoodReggie-1)'
2024-11-26 20:43:41.760 +01:00 [INF] Route matched with {action = "Table", controller = "Registration", page = "", area = ""}. Executing controller action with signature System.Threading.Tasks.Task`1[Microsoft.AspNetCore.Mvc.IActionResult] Table() on controller FoodReggie_1.Controllers.RegistrationController (FoodReggie-1).
2024-11-26 20:43:41.762 +01:00 [INF] Executing ViewResult, running view Table.
2024-11-26 20:43:41.774 +01:00 [INF] Executed ViewResult - view Table executed in 11.2809ms.
2024-11-26 20:43:41.774 +01:00 [INF] Executed action FoodReggie_1.Controllers.RegistrationController.Table (FoodReggie-1) in 13.7797ms
2024-11-26 20:43:41.774 +01:00 [INF] Executed endpoint 'FoodReggie_1.Controllers.RegistrationController.Table (FoodReggie-1)'
2024-11-26 20:43:41.775 +01:00 [INF] Request finished HTTP/1.1 GET http://localhost:5271/Registration/Table - 200 null text/html; charset=utf-8 19.4557ms
2024-11-26 20:43:42.381 +01:00 [INF] Request starting HTTP/1.1 GET http://localhost:5271/ - null null
2024-11-26 20:43:42.382 +01:00 [INF] Executing endpoint 'FoodReggie_1.Controllers.HomeController.Index (FoodReggie-1)'
2024-11-26 20:43:42.382 +01:00 [INF] Route matched with {action = "Index", controller = "Home", page = "", area = ""}. Executing controller action with signature Microsoft.AspNetCore.Mvc.IActionResult Index() on controller FoodReggie_1.Controllers.HomeController (FoodReggie-1).
2024-11-26 20:43:42.382 +01:00 [INF] Executing ViewResult, running view Index.
2024-11-26 20:43:42.384 +01:00 [INF] Executed ViewResult - view Index executed in 1.7195ms.
2024-11-26 20:43:42.384 +01:00 [INF] Executed action FoodReggie_1.Controllers.HomeController.Index (FoodReggie-1) in 2.0451ms
2024-11-26 20:43:42.384 +01:00 [INF] Executed endpoint 'FoodReggie_1.Controllers.HomeController.Index (FoodReggie-1)'
2024-11-26 20:43:42.384 +01:00 [INF] Request finished HTTP/1.1 GET http://localhost:5271/ - 200 null text/html; charset=utf-8 3.4842ms
2024-11-26 20:43:42.398 +01:00 [INF] Request starting HTTP/1.1 GET http://localhost:5271/js.jquery.min.js - null null
2024-11-26 20:43:42.399 +01:00 [INF] Request finished HTTP/1.1 GET http://localhost:5271/js.jquery.min.js - 404 0 null 1.0996ms
2024-11-26 20:43:42.399 +01:00 [INF] Request reached the end of the middleware pipeline without being handled by application code. Request path: GET http://localhost:5271/js.jquery.min.js, Response status code: 404
2024-11-26 20:43:42.400 +01:00 [INF] Request starting HTTP/1.1 GET http://localhost:5271/FoodReggie_1.styles.css - null null
2024-11-26 20:43:42.402 +01:00 [INF] Request finished HTTP/1.1 GET http://localhost:5271/FoodReggie_1.styles.css - 404 0 null 1.4992ms
2024-11-26 20:43:42.402 +01:00 [INF] Request reached the end of the middleware pipeline without being handled by application code. Request path: GET http://localhost:5271/FoodReggie_1.styles.css, Response status code: 404
2024-11-26 20:43:43.396 +01:00 [INF] Request starting HTTP/1.1 GET http://localhost:5271/Food/Table - null null
2024-11-26 20:43:43.398 +01:00 [INF] Executing endpoint 'FoodReggie_1.Controllers.FoodController.Table (FoodReggie-1)'
2024-11-26 20:43:43.401 +01:00 [INF] Route matched with {action = "Table", controller = "Food", page = "", area = ""}. Executing controller action with signature System.Threading.Tasks.Task`1[Microsoft.AspNetCore.Mvc.IActionResult] Table() on controller FoodReggie_1.Controllers.FoodController (FoodReggie-1).
2024-11-26 20:43:43.412 +01:00 [INF] Executing ViewResult, running view Table.
2024-11-26 20:43:43.442 +01:00 [INF] Executed ViewResult - view Table executed in 30.3947ms.
2024-11-26 20:43:43.442 +01:00 [INF] Executed action FoodReggie_1.Controllers.FoodController.Table (FoodReggie-1) in 40.3455ms
2024-11-26 20:43:43.442 +01:00 [INF] Executed endpoint 'FoodReggie_1.Controllers.FoodController.Table (FoodReggie-1)'
2024-11-26 20:43:43.442 +01:00 [INF] Request finished HTTP/1.1 GET http://localhost:5271/Food/Table - 200 null text/html; charset=utf-8 46.1219ms
2024-11-26 20:43:43.464 +01:00 [INF] Request starting HTTP/1.1 GET http://localhost:5271/js.jquery.min.js - null null
2024-11-26 20:43:43.466 +01:00 [INF] Request starting HTTP/1.1 GET http://localhost:5271/FoodReggie_1.styles.css - null null
2024-11-26 20:43:43.467 +01:00 [INF] Request finished HTTP/1.1 GET http://localhost:5271/js.jquery.min.js - 404 0 null 3.694ms
2024-11-26 20:43:43.467 +01:00 [INF] Request finished HTTP/1.1 GET http://localhost:5271/FoodReggie_1.styles.css - 404 0 null 0.9096ms
2024-11-26 20:43:43.469 +01:00 [INF] Request reached the end of the middleware pipeline without being handled by application code. Request path: GET http://localhost:5271/js.jquery.min.js, Response status code: 404
2024-11-26 20:43:43.469 +01:00 [INF] Request reached the end of the middleware pipeline without being handled by application code. Request path: GET http://localhost:5271/FoodReggie_1.styles.css, Response status code: 404
2024-11-26 20:43:45.016 +01:00 [INF] Request starting HTTP/1.1 GET http://localhost:5271/ - null null
2024-11-26 20:43:45.018 +01:00 [INF] Executing endpoint 'FoodReggie_1.Controllers.HomeController.Index (FoodReggie-1)'
2024-11-26 20:43:45.018 +01:00 [INF] Route matched with {action = "Index", controller = "Home", page = "", area = ""}. Executing controller action with signature Microsoft.AspNetCore.Mvc.IActionResult Index() on controller FoodReggie_1.Controllers.HomeController (FoodReggie-1).
2024-11-26 20:43:45.018 +01:00 [INF] Executing ViewResult, running view Index.
2024-11-26 20:43:45.019 +01:00 [INF] Executed ViewResult - view Index executed in 1.534ms.
2024-11-26 20:43:45.020 +01:00 [INF] Executed action FoodReggie_1.Controllers.HomeController.Index (FoodReggie-1) in 1.8635ms
2024-11-26 20:43:45.020 +01:00 [INF] Executed endpoint 'FoodReggie_1.Controllers.HomeController.Index (FoodReggie-1)'
2024-11-26 20:43:45.020 +01:00 [INF] Request finished HTTP/1.1 GET http://localhost:5271/ - 200 null text/html; charset=utf-8 4.0845ms
2024-11-26 20:43:45.039 +01:00 [INF] Request starting HTTP/1.1 GET http://localhost:5271/js.jquery.min.js - null null
2024-11-26 20:43:45.041 +01:00 [INF] Request finished HTTP/1.1 GET http://localhost:5271/js.jquery.min.js - 404 0 null 2.3076ms
2024-11-26 20:43:45.042 +01:00 [INF] Request reached the end of the middleware pipeline without being handled by application code. Request path: GET http://localhost:5271/js.jquery.min.js, Response status code: 404
2024-11-26 20:43:45.044 +01:00 [INF] Request starting HTTP/1.1 GET http://localhost:5271/FoodReggie_1.styles.css - null null
2024-11-26 20:43:45.046 +01:00 [INF] Request finished HTTP/1.1 GET http://localhost:5271/FoodReggie_1.styles.css - 404 0 null 1.3751ms
2024-11-26 20:43:45.046 +01:00 [INF] Request reached the end of the middleware pipeline without being handled by application code. Request path: GET http://localhost:5271/FoodReggie_1.styles.css, Response status code: 404
2024-11-26 20:43:46.016 +01:00 [INF] Request starting HTTP/1.1 POST http://localhost:5271/Identity/Account/Logout?returnUrl=%2F - application/x-www-form-urlencoded 225
2024-11-26 20:43:46.022 +01:00 [INF] Executing endpoint '/Account/Logout'
2024-11-26 20:43:46.027 +01:00 [INF] Route matched with {page = "/Account/Logout", area = "Identity", action = "", controller = ""}. Executing page /Account/Logout
2024-11-26 20:43:46.039 +01:00 [INF] Executing handler method FoodReggie_1.Areas.Identity.Pages.Account.LogoutModel.OnPost - ModelState is "Valid"
2024-11-26 20:43:46.041 +01:00 [INF] AuthenticationScheme: Identity.Application signed out.
2024-11-26 20:43:46.041 +01:00 [INF] AuthenticationScheme: Identity.External signed out.
2024-11-26 20:43:46.041 +01:00 [INF] AuthenticationScheme: Identity.TwoFactorUserId signed out.
2024-11-26 20:43:46.041 +01:00 [INF] User logged out.
2024-11-26 20:43:46.042 +01:00 [INF] Executed handler method OnPost, returned result Microsoft.AspNetCore.Mvc.LocalRedirectResult.
2024-11-26 20:43:46.042 +01:00 [INF] Executing LocalRedirectResult, redirecting to /.
2024-11-26 20:43:46.042 +01:00 [INF] Executed page /Account/Logout in 15.22ms
2024-11-26 20:43:46.042 +01:00 [INF] Executed endpoint '/Account/Logout'
2024-11-26 20:43:46.042 +01:00 [INF] Request finished HTTP/1.1 POST http://localhost:5271/Identity/Account/Logout?returnUrl=%2F - 302 0 null 26.2323ms
2024-11-26 20:43:46.044 +01:00 [INF] Request starting HTTP/1.1 GET http://localhost:5271/ - null null
2024-11-26 20:43:46.045 +01:00 [INF] Executing endpoint 'FoodReggie_1.Controllers.HomeController.Index (FoodReggie-1)'
2024-11-26 20:43:46.045 +01:00 [INF] Route matched with {action = "Index", controller = "Home", page = "", area = ""}. Executing controller action with signature Microsoft.AspNetCore.Mvc.IActionResult Index() on controller FoodReggie_1.Controllers.HomeController (FoodReggie-1).
2024-11-26 20:43:46.045 +01:00 [INF] Executing ViewResult, running view Index.
2024-11-26 20:43:46.046 +01:00 [INF] Executed ViewResult - view Index executed in 1.6029ms.
2024-11-26 20:43:46.046 +01:00 [INF] Executed action FoodReggie_1.Controllers.HomeController.Index (FoodReggie-1) in 1.7018ms
2024-11-26 20:43:46.047 +01:00 [INF] Executed endpoint 'FoodReggie_1.Controllers.HomeController.Index (FoodReggie-1)'
2024-11-26 20:43:46.047 +01:00 [INF] Request finished HTTP/1.1 GET http://localhost:5271/ - 200 null text/html; charset=utf-8 2.2084ms
2024-11-26 20:43:46.062 +01:00 [INF] Request starting HTTP/1.1 GET http://localhost:5271/js.jquery.min.js - null null
2024-11-26 20:43:46.062 +01:00 [INF] Request starting HTTP/1.1 GET http://localhost:5271/FoodReggie_1.styles.css - null null
2024-11-26 20:43:46.062 +01:00 [INF] Request finished HTTP/1.1 GET http://localhost:5271/FoodReggie_1.styles.css - 404 0 null 0.4488ms
2024-11-26 20:43:46.062 +01:00 [INF] Request reached the end of the middleware pipeline without being handled by application code. Request path: GET http://localhost:5271/FoodReggie_1.styles.css, Response status code: 404
2024-11-26 20:43:46.062 +01:00 [INF] Request finished HTTP/1.1 GET http://localhost:5271/js.jquery.min.js - 404 0 null 0.5114ms
2024-11-26 20:43:46.062 +01:00 [INF] Request reached the end of the middleware pipeline without being handled by application code. Request path: GET http://localhost:5271/js.jquery.min.js, Response status code: 404
2024-11-26 20:57:09.109 +01:00 [INF] Application is shutting down...
