2024-11-07 15:57:20.654 +01:00 [INF] User profile is available. Using '/Users/andreashattmann/.aspnet/DataProtection-Keys' as key repository; keys will not be encrypted at rest.
2024-11-07 15:57:20.682 +01:00 [INF] Now listening on: http://localhost:5271
2024-11-07 15:57:20.684 +01:00 [INF] Application started. Press Ctrl+C to shut down.
2024-11-07 15:57:20.684 +01:00 [INF] Hosting environment: Development
2024-11-07 15:57:20.684 +01:00 [INF] Content root path: /Users/andreashattmann/Desktop/ITPE3200 Webapplikasjoner/FoodReggie-1
2024-11-07 15:57:22.254 +01:00 [INF] Request starting HTTP/1.1 GET http://localhost:5271/ - null null
2024-11-07 15:57:22.258 +01:00 [WRN] Failed to determine the https port for redirect.
2024-11-07 15:57:22.265 +01:00 [INF] Executing endpoint 'FoodReggie_1.Controllers.HomeController.Index (FoodReggie-1)'
2024-11-07 15:57:22.270 +01:00 [INF] Route matched with {action = "Index", controller = "Home"}. Executing controller action with signature Microsoft.AspNetCore.Mvc.IActionResult Index() on controller FoodReggie_1.Controllers.HomeController (FoodReggie-1).
2024-11-07 15:57:22.273 +01:00 [INF] Executing ViewResult, running view Index.
2024-11-07 15:57:22.344 +01:00 [INF] Executed ViewResult - view Index executed in 70.2731ms.
2024-11-07 15:57:22.344 +01:00 [INF] Executed action FoodReggie_1.Controllers.HomeController.Index (FoodReggie-1) in 74.7066ms
2024-11-07 15:57:22.344 +01:00 [INF] Executed endpoint 'FoodReggie_1.Controllers.HomeController.Index (FoodReggie-1)'
2024-11-07 15:57:22.347 +01:00 [INF] Request finished HTTP/1.1 GET http://localhost:5271/ - 200 null text/html; charset=utf-8 93.9088ms
2024-11-07 15:57:22.363 +01:00 [INF] Request starting HTTP/1.1 GET http://localhost:5271/js.jquery.min.js - null null
2024-11-07 15:57:22.365 +01:00 [INF] Request starting HTTP/1.1 GET http://localhost:5271/FoodReggie_1.styles.css - null null
2024-11-07 15:57:22.367 +01:00 [INF] Request finished HTTP/1.1 GET http://localhost:5271/js.jquery.min.js - 404 0 null 4.236ms
2024-11-07 15:57:22.367 +01:00 [INF] Request finished HTTP/1.1 GET http://localhost:5271/FoodReggie_1.styles.css - 404 0 null 2.5666ms
2024-11-07 15:57:22.368 +01:00 [INF] Request reached the end of the middleware pipeline without being handled by application code. Request path: GET http://localhost:5271/FoodReggie_1.styles.css, Response status code: 404
2024-11-07 15:57:22.368 +01:00 [INF] Request reached the end of the middleware pipeline without being handled by application code. Request path: GET http://localhost:5271/js.jquery.min.js, Response status code: 404
2024-11-07 15:57:23.433 +01:00 [INF] Request starting HTTP/1.1 GET http://localhost:5271/Food/Table - null null
2024-11-07 15:57:23.435 +01:00 [INF] Executing endpoint 'FoodReggie_1.Controllers.FoodController.Table (FoodReggie-1)'
2024-11-07 15:57:23.442 +01:00 [INF] Route matched with {action = "Table", controller = "Food"}. Executing controller action with signature System.Threading.Tasks.Task`1[Microsoft.AspNetCore.Mvc.IActionResult] Table() on controller FoodReggie_1.Controllers.FoodController (FoodReggie-1).
2024-11-07 15:57:23.509 +01:00 [INF] Executing ViewResult, running view Table.
2024-11-07 15:57:23.528 +01:00 [INF] Executed ViewResult - view Table executed in 19.3246ms.
2024-11-07 15:57:23.528 +01:00 [INF] Executed action FoodReggie_1.Controllers.FoodController.Table (FoodReggie-1) in 86.2653ms
2024-11-07 15:57:23.528 +01:00 [INF] Executed endpoint 'FoodReggie_1.Controllers.FoodController.Table (FoodReggie-1)'
2024-11-07 15:57:23.531 +01:00 [INF] Request finished HTTP/1.1 GET http://localhost:5271/Food/Table - 200 null text/html; charset=utf-8 97.4425ms
2024-11-07 15:57:23.559 +01:00 [INF] Request starting HTTP/1.1 GET http://localhost:5271/js.jquery.min.js - null null
2024-11-07 15:57:23.562 +01:00 [INF] Request finished HTTP/1.1 GET http://localhost:5271/js.jquery.min.js - 404 0 null 3.278ms
2024-11-07 15:57:23.562 +01:00 [INF] Request reached the end of the middleware pipeline without being handled by application code. Request path: GET http://localhost:5271/js.jquery.min.js, Response status code: 404
2024-11-07 15:57:23.566 +01:00 [INF] Request starting HTTP/1.1 GET http://localhost:5271/FoodReggie_1.styles.css - null null
2024-11-07 15:57:23.566 +01:00 [INF] Request finished HTTP/1.1 GET http://localhost:5271/FoodReggie_1.styles.css - 404 0 null 0.3403ms
2024-11-07 15:57:23.566 +01:00 [INF] Request reached the end of the middleware pipeline without being handled by application code. Request path: GET http://localhost:5271/FoodReggie_1.styles.css, Response status code: 404
2024-11-07 15:57:25.330 +01:00 [INF] Request starting HTTP/1.1 GET http://localhost:5271/Food/Create - null null
2024-11-07 15:57:25.333 +01:00 [INF] Executing endpoint 'FoodReggie_1.Controllers.FoodController.Create (FoodReggie-1)'
2024-11-07 15:57:25.336 +01:00 [INF] Route matched with {action = "Create", controller = "Food"}. Executing controller action with signature Microsoft.AspNetCore.Mvc.IActionResult Create() on controller FoodReggie_1.Controllers.FoodController (FoodReggie-1).
2024-11-07 15:57:25.338 +01:00 [INF] Executing ViewResult, running view Create.
2024-11-07 15:57:25.372 +01:00 [INF] Executed ViewResult - view Create executed in 34.8446ms.
2024-11-07 15:57:25.372 +01:00 [INF] Executed action FoodReggie_1.Controllers.FoodController.Create (FoodReggie-1) in 36.2641ms
2024-11-07 15:57:25.372 +01:00 [INF] Executed endpoint 'FoodReggie_1.Controllers.FoodController.Create (FoodReggie-1)'
2024-11-07 15:57:25.372 +01:00 [INF] Request finished HTTP/1.1 GET http://localhost:5271/Food/Create - 200 null text/html; charset=utf-8 42.1201ms
2024-11-07 15:57:25.400 +01:00 [INF] Request starting HTTP/1.1 GET http://localhost:5271/js.jquery.min.js - null null
2024-11-07 15:57:25.400 +01:00 [INF] Request finished HTTP/1.1 GET http://localhost:5271/js.jquery.min.js - 404 0 null 0.3145ms
2024-11-07 15:57:25.400 +01:00 [INF] Request reached the end of the middleware pipeline without being handled by application code. Request path: GET http://localhost:5271/js.jquery.min.js, Response status code: 404
2024-11-07 15:57:25.404 +01:00 [INF] Request starting HTTP/1.1 GET http://localhost:5271/FoodReggie_1.styles.css - null null
2024-11-07 15:57:25.404 +01:00 [INF] Request finished HTTP/1.1 GET http://localhost:5271/FoodReggie_1.styles.css - 404 0 null 0.3907ms
2024-11-07 15:57:25.404 +01:00 [INF] Request reached the end of the middleware pipeline without being handled by application code. Request path: GET http://localhost:5271/FoodReggie_1.styles.css, Response status code: 404
2024-11-07 15:57:32.267 +01:00 [INF] Request starting HTTP/1.1 POST http://localhost:5271/Food/Create - application/x-www-form-urlencoded 284
2024-11-07 15:57:32.268 +01:00 [INF] Executing endpoint 'FoodReggie_1.Controllers.FoodController.Create (FoodReggie-1)'
2024-11-07 15:57:32.281 +01:00 [INF] Route matched with {action = "Create", controller = "Food"}. Executing controller action with signature System.Threading.Tasks.Task`1[Microsoft.AspNetCore.Mvc.IActionResult] Create(FoodReggie_1.Models.Food) on controller FoodReggie_1.Controllers.FoodController (FoodReggie-1).
2024-11-07 15:57:32.303 +01:00 [ERR] [FoodController] Error when creating a Food Item: {"FoodId":0,"Name":"awdawd123","FoodGroup":null,"Calories":0,"Protein":31,"Carbohydrates":0,"Fats":0,"ImageURL":null,"RegistratedFoods":null,"$type":"Food"}
2024-11-07 15:57:32.304 +01:00 [INF] Executing ViewResult, running view Create.
2024-11-07 15:57:32.306 +01:00 [INF] Executed ViewResult - view Create executed in 2.1286ms.
2024-11-07 15:57:32.306 +01:00 [INF] Executed action FoodReggie_1.Controllers.FoodController.Create (FoodReggie-1) in 24.7202ms
2024-11-07 15:57:32.306 +01:00 [INF] Executed endpoint 'FoodReggie_1.Controllers.FoodController.Create (FoodReggie-1)'
2024-11-07 15:57:32.306 +01:00 [INF] Request finished HTTP/1.1 POST http://localhost:5271/Food/Create - 200 null text/html; charset=utf-8 38.7116ms
2024-11-07 15:57:32.326 +01:00 [INF] Request starting HTTP/1.1 GET http://localhost:5271/js.jquery.min.js - null null
2024-11-07 15:57:32.326 +01:00 [INF] Request finished HTTP/1.1 GET http://localhost:5271/js.jquery.min.js - 404 0 null 0.5535ms
2024-11-07 15:57:32.326 +01:00 [INF] Request reached the end of the middleware pipeline without being handled by application code. Request path: GET http://localhost:5271/js.jquery.min.js, Response status code: 404
2024-11-07 15:57:32.332 +01:00 [INF] Request starting HTTP/1.1 GET http://localhost:5271/FoodReggie_1.styles.css - null null
2024-11-07 15:57:32.332 +01:00 [INF] Request finished HTTP/1.1 GET http://localhost:5271/FoodReggie_1.styles.css - 404 0 null 0.2686ms
2024-11-07 15:57:32.332 +01:00 [INF] Request reached the end of the middleware pipeline without being handled by application code. Request path: GET http://localhost:5271/FoodReggie_1.styles.css, Response status code: 404
2024-11-07 16:05:13.696 +01:00 [INF] Application is shutting down...
