2024-11-06 18:50:08.731 +01:00 [INF] User profile is available. Using '/Users/andreashattmann/.aspnet/DataProtection-Keys' as key repository; keys will not be encrypted at rest.
2024-11-06 18:50:08.764 +01:00 [INF] Now listening on: http://localhost:5271
2024-11-06 18:50:08.766 +01:00 [INF] Application started. Press Ctrl+C to shut down.
2024-11-06 18:50:08.767 +01:00 [INF] Hosting environment: Development
2024-11-06 18:50:08.767 +01:00 [INF] Content root path: /Users/andreashattmann/Desktop/ITPE3200 Webapplikasjoner/FoodReggie-1
2024-11-06 18:50:08.980 +01:00 [INF] Request starting HTTP/1.1 GET http://localhost:5271/ - null null
2024-11-06 18:50:08.986 +01:00 [WRN] Failed to determine the https port for redirect.
2024-11-06 18:50:08.994 +01:00 [INF] Executing endpoint 'FoodReggie_1.Controllers.HomeController.Index (FoodReggie-1)'
2024-11-06 18:50:09.000 +01:00 [INF] Route matched with {action = "Index", controller = "Home"}. Executing controller action with signature Microsoft.AspNetCore.Mvc.IActionResult Index() on controller FoodReggie_1.Controllers.HomeController (FoodReggie-1).
2024-11-06 18:50:09.003 +01:00 [INF] Executing ViewResult, running view Index.
2024-11-06 18:50:09.076 +01:00 [INF] Executed ViewResult - view Index executed in 72.9699ms.
2024-11-06 18:50:09.079 +01:00 [INF] Executed action FoodReggie_1.Controllers.HomeController.Index (FoodReggie-1) in 78.0834ms
2024-11-06 18:50:09.079 +01:00 [INF] Executed endpoint 'FoodReggie_1.Controllers.HomeController.Index (FoodReggie-1)'
2024-11-06 18:50:09.083 +01:00 [INF] Request finished HTTP/1.1 GET http://localhost:5271/ - 200 null text/html; charset=utf-8 103.7454ms
2024-11-06 18:50:09.094 +01:00 [INF] Request starting HTTP/1.1 GET http://localhost:5271/js.jquery.min.js - null null
2024-11-06 18:50:09.094 +01:00 [INF] Request starting HTTP/1.1 GET http://localhost:5271/FoodReggie_1.styles.css - null null
2024-11-06 18:50:09.096 +01:00 [INF] Request finished HTTP/1.1 GET http://localhost:5271/js.jquery.min.js - 404 0 null 2.4032ms
2024-11-06 18:50:09.096 +01:00 [INF] Request finished HTTP/1.1 GET http://localhost:5271/FoodReggie_1.styles.css - 404 0 null 2.4125ms
2024-11-06 18:50:09.099 +01:00 [INF] Request reached the end of the middleware pipeline without being handled by application code. Request path: GET http://localhost:5271/FoodReggie_1.styles.css, Response status code: 404
2024-11-06 18:50:09.099 +01:00 [INF] Request reached the end of the middleware pipeline without being handled by application code. Request path: GET http://localhost:5271/js.jquery.min.js, Response status code: 404
2024-11-06 18:50:11.497 +01:00 [INF] Request starting HTTP/1.1 GET http://localhost:5271/Food/Table - null null
2024-11-06 18:50:11.524 +01:00 [INF] Executing endpoint 'FoodReggie_1.Controllers.FoodController.Table (FoodReggie-1)'
2024-11-06 18:50:11.531 +01:00 [INF] Route matched with {action = "Table", controller = "Food"}. Executing controller action with signature System.Threading.Tasks.Task`1[Microsoft.AspNetCore.Mvc.IActionResult] Table() on controller FoodReggie_1.Controllers.FoodController (FoodReggie-1).
2024-11-06 18:50:11.542 +01:00 [INF] This is an information message
2024-11-06 18:50:11.543 +01:00 [WRN] This a warning message
2024-11-06 18:50:11.544 +01:00 [ERR] This is an error message
2024-11-06 18:50:11.627 +01:00 [INF] Executing ViewResult, running view Table.
2024-11-06 18:50:11.651 +01:00 [INF] Executed ViewResult - view Table executed in 24.3193ms.
2024-11-06 18:50:11.651 +01:00 [INF] Executed action FoodReggie_1.Controllers.FoodController.Table (FoodReggie-1) in 119.7845ms
2024-11-06 18:50:11.651 +01:00 [INF] Executed endpoint 'FoodReggie_1.Controllers.FoodController.Table (FoodReggie-1)'
2024-11-06 18:50:11.653 +01:00 [INF] Request finished HTTP/1.1 GET http://localhost:5271/Food/Table - 200 null text/html; charset=utf-8 156.494ms
2024-11-06 18:50:11.693 +01:00 [INF] Request starting HTTP/1.1 GET http://localhost:5271/js.jquery.min.js - null null
2024-11-06 18:50:11.694 +01:00 [INF] Request finished HTTP/1.1 GET http://localhost:5271/js.jquery.min.js - 404 0 null 0.4631ms
2024-11-06 18:50:11.694 +01:00 [INF] Request reached the end of the middleware pipeline without being handled by application code. Request path: GET http://localhost:5271/js.jquery.min.js, Response status code: 404
2024-11-06 18:50:11.705 +01:00 [INF] Request starting HTTP/1.1 GET http://localhost:5271/FoodReggie_1.styles.css - null null
2024-11-06 18:50:11.706 +01:00 [INF] Request finished HTTP/1.1 GET http://localhost:5271/FoodReggie_1.styles.css - 404 0 null 0.8372ms
2024-11-06 18:50:11.706 +01:00 [INF] Request reached the end of the middleware pipeline without being handled by application code. Request path: GET http://localhost:5271/FoodReggie_1.styles.css, Response status code: 404
